This is pdfTeX, Version 3.1415926-2.4-1.40.13 (TeX Live 2012/Debian) (format=pdflatex 2013.6.27)  1 NOV 2013 14:20
entering extended mode
 \write18 enabled.
 %&-line parsing enabled.
**prelim.tex
(./prelim.tex
LaTeX2e <2011/06/27>
Babel <v3.8m> and hyphenation patterns for english, dumylang, nohyphenation, lo
aded.
(/usr/share/texmf/tex/latex/beamer/base/beamer.cls
(/usr/share/texmf/tex/latex/beamer/base/beamerbasercs.sty
Package: beamerbasercs 2010/06/12 (rcs-revision c3821710bb40)
)
Document Class: beamer 2010/06/21 development version 3.10 A class for typesett
ing presentations (rcs-revision a6b1a8434d30)
(/usr/share/texmf/tex/latex/beamer/base/beamerbasemodes.sty
Package: beamerbasemodes 2010/05/01 (rcs-revision efa082c6111d)
\beamer@tempbox=\box26
\beamer@tempcount=\count79
\c@beamerpauses=\count80

(/usr/share/texmf/tex/latex/beamer/base/beamerbasedecode.sty
Package: beamerbasedecode 2010/05/01 (rcs-revision efa082c6111d)
\beamer@slideinframe=\count81
\beamer@minimum=\count82
)
\beamer@commentbox=\box27
\beamer@modecount=\count83
)
\headheight=\dimen102
\headdp=\dimen103
\footheight=\dimen104
\sidebarheight=\dimen105
\beamer@tempdim=\dimen106
\beamer@finalheight=\dimen107
\beamer@animht=\dimen108
\beamer@animdp=\dimen109
\beamer@animwd=\dimen110
\beamer@leftmargin=\dimen111
\beamer@rightmargin=\dimen112
\beamer@leftsidebar=\dimen113
\beamer@rightsidebar=\dimen114
\beamer@boxsize=\dimen115
\beamer@vboxoffset=\dimen116
\beamer@descdefault=\dimen117
\beamer@descriptionwidth=\dimen118
\beamer@lastskip=\skip41
\beamer@areabox=\box28
\beamer@animcurrent=\box29
\beamer@animshowbox=\box30
\beamer@sectionbox=\box31
\beamer@logobox=\box32
\beamer@linebox=\box33
\beamer@sectioncount=\count84
\beamer@subsubsectionmax=\count85
\beamer@subsectionmax=\count86
\beamer@sectionmax=\count87
\beamer@totalheads=\count88
\beamer@headcounter=\count89
\beamer@partstartpage=\count90
\beamer@sectionstartpage=\count91
\beamer@subsectionstartpage=\count92
\beamer@animationtempa=\count93
\beamer@animationtempb=\count94
\beamer@xpos=\count95
\beamer@ypos=\count96
\beamer@showpartnumber=\count97
\beamer@currentsubsection=\count98
\beamer@coveringdepth=\count99
\beamer@sectionadjust=\count100
\beamer@tocsectionnumber=\count101

(/usr/share/texmf/tex/latex/beamer/base/beamerbaseoptions.sty
Package: beamerbaseoptions 2010/04/27 (rcs-revision 982469101dd6)

(/usr/share/texlive/texmf-dist/tex/latex/graphics/keyval.sty
Package: keyval 1999/03/16 v1.13 key=value parser (DPC)
\KV@toks@=\toks14
))
\beamer@paperwidth=\skip42
\beamer@paperheight=\skip43

(/usr/share/texlive/texmf-dist/tex/latex/geometry/geometry.sty
Package: geometry 2010/09/12 v5.6 Page Geometry

(/usr/share/texlive/texmf-dist/tex/generic/oberdiek/ifpdf.sty
Package: ifpdf 2011/01/30 v2.3 Provides the ifpdf switch (HO)
Package ifpdf Info: pdfTeX in PDF mode is detected.
)
(/usr/share/texlive/texmf-dist/tex/generic/oberdiek/ifvtex.sty
Package: ifvtex 2010/03/01 v1.5 Detect VTeX and its facilities (HO)
Package ifvtex Info: VTeX not detected.
)
(/usr/share/texlive/texmf-dist/tex/generic/ifxetex/ifxetex.sty
Package: ifxetex 2010/09/12 v0.6 Provides ifxetex conditional
)
\Gm@cnth=\count102
\Gm@cntv=\count103
\c@Gm@tempcnt=\count104
\Gm@bindingoffset=\dimen119
\Gm@wd@mp=\dimen120
\Gm@odd@mp=\dimen121
\Gm@even@mp=\dimen122
\Gm@layoutwidth=\dimen123
\Gm@layoutheight=\dimen124
\Gm@layouthoffset=\dimen125
\Gm@layoutvoffset=\dimen126
\Gm@dimlist=\toks15
)
(/usr/share/texlive/texmf-dist/tex/latex/base/size11.clo
File: size11.clo 2007/10/19 v1.4h Standard LaTeX file (size option)
)
(/usr/share/texmf/tex/latex/pgf/basiclayer/pgfcore.sty
(/usr/share/texlive/texmf-dist/tex/latex/graphics/graphicx.sty
Package: graphicx 1999/02/16 v1.0f Enhanced LaTeX Graphics (DPC,SPQR)

(/usr/share/texlive/texmf-dist/tex/latex/graphics/graphics.sty
Package: graphics 2009/02/05 v1.0o Standard LaTeX Graphics (DPC,SPQR)

(/usr/share/texlive/texmf-dist/tex/latex/graphics/trig.sty
Package: trig 1999/03/16 v1.09 sin cos tan (DPC)
)
(/usr/share/texlive/texmf-dist/tex/latex/latexconfig/graphics.cfg
File: graphics.cfg 2010/04/23 v1.9 graphics configuration of TeX Live
)
Package graphics Info: Driver file: pdftex.def on input line 91.

(/usr/share/texlive/texmf-dist/tex/latex/pdftex-def/pdftex.def
File: pdftex.def 2011/05/27 v0.06d Graphics/color for pdfTeX

(/usr/share/texlive/texmf-dist/tex/generic/oberdiek/infwarerr.sty
Package: infwarerr 2010/04/08 v1.3 Providing info/warning/error messages (HO)
)
(/usr/share/texlive/texmf-dist/tex/generic/oberdiek/ltxcmds.sty
Package: ltxcmds 2011/11/09 v1.22 LaTeX kernel commands for general use (HO)
)
\Gread@gobject=\count105
))
\Gin@req@height=\dimen127
\Gin@req@width=\dimen128
)
(/usr/share/texmf/tex/latex/pgf/systemlayer/pgfsys.sty
(/usr/share/texmf/tex/latex/pgf/utilities/pgfrcs.sty
(/usr/share/texmf/tex/generic/pgf/utilities/pgfutil-common.tex
\pgfutil@everybye=\toks16
)
(/usr/share/texmf/tex/generic/pgf/utilities/pgfutil-latex.def
\pgfutil@abb=\box34

(/usr/share/texlive/texmf-dist/tex/latex/ms/everyshi.sty
Package: everyshi 2001/05/15 v3.00 EveryShipout Package (MS)
))
(/usr/share/texmf/tex/generic/pgf/utilities/pgfrcs.code.tex
Package: pgfrcs 2010/10/25 v2.10 (rcs-revision 1.24)
))
(/usr/share/texmf/tex/generic/pgf/systemlayer/pgfsys.code.tex
Package: pgfsys 2010/06/30 v2.10 (rcs-revision 1.37)

(/usr/share/texmf/tex/generic/pgf/utilities/pgfkeys.code.tex
\pgfkeys@pathtoks=\toks17
\pgfkeys@temptoks=\toks18

(/usr/share/texmf/tex/generic/pgf/utilities/pgfkeysfiltered.code.tex
\pgfkeys@tmptoks=\toks19
))
\pgf@x=\dimen129
\pgf@y=\dimen130
\pgf@xa=\dimen131
\pgf@ya=\dimen132
\pgf@xb=\dimen133
\pgf@yb=\dimen134
\pgf@xc=\dimen135
\pgf@yc=\dimen136
\w@pgf@writea=\write3
\r@pgf@reada=\read1
\c@pgf@counta=\count106
\c@pgf@countb=\count107
\c@pgf@countc=\count108
\c@pgf@countd=\count109

(/usr/share/texmf/tex/generic/pgf/systemlayer/pgf.cfg
File: pgf.cfg 2008/05/14  (rcs-revision 1.7)
)
Package pgfsys Info: Driver file for pgf: pgfsys-pdftex.def on input line 900.

(/usr/share/texmf/tex/generic/pgf/systemlayer/pgfsys-pdftex.def
File: pgfsys-pdftex.def 2009/05/22  (rcs-revision 1.26)

(/usr/share/texmf/tex/generic/pgf/systemlayer/pgfsys-common-pdf.def
File: pgfsys-common-pdf.def 2008/05/19  (rcs-revision 1.10)
)))
(/usr/share/texmf/tex/generic/pgf/systemlayer/pgfsyssoftpath.code.tex
File: pgfsyssoftpath.code.tex 2008/07/18  (rcs-revision 1.7)
\pgfsyssoftpath@smallbuffer@items=\count110
\pgfsyssoftpath@bigbuffer@items=\count111
)
(/usr/share/texmf/tex/generic/pgf/systemlayer/pgfsysprotocol.code.tex
File: pgfsysprotocol.code.tex 2006/10/16  (rcs-revision 1.4)
))
(/usr/share/texmf/tex/latex/xcolor/xcolor.sty
Package: xcolor 2007/01/21 v2.11 LaTeX color extensions (UK)

(/usr/share/texlive/texmf-dist/tex/latex/latexconfig/color.cfg
File: color.cfg 2007/01/18 v1.5 color configuration of teTeX/TeXLive
)
Package xcolor Info: Driver file: pdftex.def on input line 225.
Package xcolor Info: Model `cmy' substituted by `cmy0' on input line 1337.
Package xcolor Info: Model `hsb' substituted by `rgb' on input line 1341.
Package xcolor Info: Model `RGB' extended on input line 1353.
Package xcolor Info: Model `HTML' substituted by `rgb' on input line 1355.
Package xcolor Info: Model `Hsb' substituted by `hsb' on input line 1356.
Package xcolor Info: Model `tHsb' substituted by `hsb' on input line 1357.
Package xcolor Info: Model `HSB' substituted by `hsb' on input line 1358.
Package xcolor Info: Model `Gray' substituted by `gray' on input line 1359.
Package xcolor Info: Model `wave' substituted by `hsb' on input line 1360.
)
(/usr/share/texmf/tex/generic/pgf/basiclayer/pgfcore.code.tex
Package: pgfcore 2010/04/11 v2.10 (rcs-revision 1.7)

(/usr/share/texmf/tex/generic/pgf/math/pgfmath.code.tex
(/usr/share/texmf/tex/generic/pgf/math/pgfmathcalc.code.tex
(/usr/share/texmf/tex/generic/pgf/math/pgfmathutil.code.tex)
(/usr/share/texmf/tex/generic/pgf/math/pgfmathparser.code.tex
\pgfmath@dimen=\dimen137
\pgfmath@count=\count112
\pgfmath@box=\box35
\pgfmath@toks=\toks20
\pgfmath@stack@operand=\toks21
\pgfmath@stack@operation=\toks22
)
(/usr/share/texmf/tex/generic/pgf/math/pgfmathfunctions.code.tex
(/usr/share/texmf/tex/generic/pgf/math/pgfmathfunctions.basic.code.tex)
(/usr/share/texmf/tex/generic/pgf/math/pgfmathfunctions.trigonometric.code.tex)
(/usr/share/texmf/tex/generic/pgf/math/pgfmathfunctions.random.code.tex)
(/usr/share/texmf/tex/generic/pgf/math/pgfmathfunctions.comparison.code.tex)
(/usr/share/texmf/tex/generic/pgf/math/pgfmathfunctions.base.code.tex)
(/usr/share/texmf/tex/generic/pgf/math/pgfmathfunctions.round.code.tex)
(/usr/share/texmf/tex/generic/pgf/math/pgfmathfunctions.misc.code.tex)))
(/usr/share/texmf/tex/generic/pgf/math/pgfmathfloat.code.tex
\c@pgfmathroundto@lastzeros=\count113
))
(/usr/share/texmf/tex/generic/pgf/basiclayer/pgfcorepoints.code.tex
File: pgfcorepoints.code.tex 2010/04/09  (rcs-revision 1.20)
\pgf@picminx=\dimen138
\pgf@picmaxx=\dimen139
\pgf@picminy=\dimen140
\pgf@picmaxy=\dimen141
\pgf@pathminx=\dimen142
\pgf@pathmaxx=\dimen143
\pgf@pathminy=\dimen144
\pgf@pathmaxy=\dimen145
\pgf@xx=\dimen146
\pgf@xy=\dimen147
\pgf@yx=\dimen148
\pgf@yy=\dimen149
\pgf@zx=\dimen150
\pgf@zy=\dimen151
)
(/usr/share/texmf/tex/generic/pgf/basiclayer/pgfcorepathconstruct.code.tex
File: pgfcorepathconstruct.code.tex 2010/08/03  (rcs-revision 1.24)
\pgf@path@lastx=\dimen152
\pgf@path@lasty=\dimen153
)
(/usr/share/texmf/tex/generic/pgf/basiclayer/pgfcorepathusage.code.tex
File: pgfcorepathusage.code.tex 2008/04/22  (rcs-revision 1.12)
\pgf@shorten@end@additional=\dimen154
\pgf@shorten@start@additional=\dimen155
)
(/usr/share/texmf/tex/generic/pgf/basiclayer/pgfcorescopes.code.tex
File: pgfcorescopes.code.tex 2010/09/08  (rcs-revision 1.34)
\pgfpic=\box36
\pgf@hbox=\box37
\pgf@layerbox@main=\box38
\pgf@picture@serial@count=\count114
)
(/usr/share/texmf/tex/generic/pgf/basiclayer/pgfcoregraphicstate.code.tex
File: pgfcoregraphicstate.code.tex 2008/04/22  (rcs-revision 1.9)
\pgflinewidth=\dimen156
)
(/usr/share/texmf/tex/generic/pgf/basiclayer/pgfcoretransformations.code.tex
File: pgfcoretransformations.code.tex 2009/06/10  (rcs-revision 1.11)
\pgf@pt@x=\dimen157
\pgf@pt@y=\dimen158
\pgf@pt@temp=\dimen159
)
(/usr/share/texmf/tex/generic/pgf/basiclayer/pgfcorequick.code.tex
File: pgfcorequick.code.tex 2008/10/09  (rcs-revision 1.3)
)
(/usr/share/texmf/tex/generic/pgf/basiclayer/pgfcoreobjects.code.tex
File: pgfcoreobjects.code.tex 2006/10/11  (rcs-revision 1.2)
)
(/usr/share/texmf/tex/generic/pgf/basiclayer/pgfcorepathprocessing.code.tex
File: pgfcorepathprocessing.code.tex 2008/10/09  (rcs-revision 1.8)
)
(/usr/share/texmf/tex/generic/pgf/basiclayer/pgfcorearrows.code.tex
File: pgfcorearrows.code.tex 2008/04/23  (rcs-revision 1.11)
)
(/usr/share/texmf/tex/generic/pgf/basiclayer/pgfcoreshade.code.tex
File: pgfcoreshade.code.tex 2008/11/23  (rcs-revision 1.13)
\pgf@max=\dimen160
\pgf@sys@shading@range@num=\count115
)
(/usr/share/texmf/tex/generic/pgf/basiclayer/pgfcoreimage.code.tex
File: pgfcoreimage.code.tex 2010/03/25  (rcs-revision 1.16)

(/usr/share/texmf/tex/generic/pgf/basiclayer/pgfcoreexternal.code.tex
File: pgfcoreexternal.code.tex 2010/09/01  (rcs-revision 1.17)
\pgfexternal@startupbox=\box39
))
(/usr/share/texmf/tex/generic/pgf/basiclayer/pgfcorelayers.code.tex
File: pgfcorelayers.code.tex 2010/08/27  (rcs-revision 1.2)
)
(/usr/share/texmf/tex/generic/pgf/basiclayer/pgfcoretransparency.code.tex
File: pgfcoretransparency.code.tex 2008/01/17  (rcs-revision 1.2)
)
(/usr/share/texmf/tex/generic/pgf/basiclayer/pgfcorepatterns.code.tex
File: pgfcorepatterns.code.tex 2009/07/02  (rcs-revision 1.3)
)))
(/usr/share/texmf/tex/latex/pgf/utilities/xxcolor.sty
Package: xxcolor 2003/10/24 ver 0.1
\XC@nummixins=\count116
\XC@countmixins=\count117
)
(/usr/share/texlive/texmf-dist/tex/latex/hyperref/hyperref.sty
Package: hyperref 2012/05/13 v6.82q Hypertext links for LaTeX

(/usr/share/texlive/texmf-dist/tex/generic/oberdiek/hobsub-hyperref.sty
Package: hobsub-hyperref 2012/05/28 v1.13 Bundle oberdiek, subset hyperref (HO)


(/usr/share/texlive/texmf-dist/tex/generic/oberdiek/hobsub-generic.sty
Package: hobsub-generic 2012/05/28 v1.13 Bundle oberdiek, subset generic (HO)
Package: hobsub 2012/05/28 v1.13 Construct package bundles (HO)
Package hobsub Info: Skipping package `infwarerr' (already loaded).
Package hobsub Info: Skipping package `ltxcmds' (already loaded).
Package: ifluatex 2010/03/01 v1.3 Provides the ifluatex switch (HO)
Package ifluatex Info: LuaTeX not detected.
Package hobsub Info: Skipping package `ifvtex' (already loaded).
Package: intcalc 2007/09/27 v1.1 Expandable calculations with integers (HO)
Package hobsub Info: Skipping package `ifpdf' (already loaded).
Package: etexcmds 2011/02/16 v1.5 Avoid name clashes with e-TeX commands (HO)
Package etexcmds Info: Could not find \expanded.
(etexcmds)             That can mean that you are not using pdfTeX 1.50 or
(etexcmds)             that some package has redefined \expanded.
(etexcmds)             In the latter case, load this package earlier.
Package: kvsetkeys 2012/04/25 v1.16 Key value parser (HO)
Package: kvdefinekeys 2011/04/07 v1.3 Define keys (HO)
Package: pdftexcmds 2011/11/29 v0.20 Utility functions of pdfTeX for LuaTeX (HO
)
Package pdftexcmds Info: LuaTeX not detected.
Package pdftexcmds Info: \pdf@primitive is available.
Package pdftexcmds Info: \pdf@ifprimitive is available.
Package pdftexcmds Info: \pdfdraftmode found.
Package: pdfescape 2011/11/25 v1.13 Implements pdfTeX's escape features (HO)
Package: bigintcalc 2012/04/08 v1.3 Expandable calculations on big integers (HO
)
Package: bitset 2011/01/30 v1.1 Handle bit-vector datatype (HO)
Package: uniquecounter 2011/01/30 v1.2 Provide unlimited unique counter (HO)
)
Package hobsub Info: Skipping package `hobsub' (already loaded).
Package: letltxmacro 2010/09/02 v1.4 Let assignment for LaTeX macros (HO)
Package: hopatch 2012/05/28 v1.2 Wrapper for package hooks (HO)
Package: xcolor-patch 2011/01/30 xcolor patch
Package: atveryend 2011/06/30 v1.8 Hooks at the very end of document (HO)
Package atveryend Info: \enddocument detected (standard20110627).
Package: atbegshi 2011/10/05 v1.16 At begin shipout hook (HO)
Package: refcount 2011/10/16 v3.4 Data extraction from label references (HO)
Package: hycolor 2011/01/30 v1.7 Color options for hyperref/bookmark (HO)
)
(/usr/share/texlive/texmf-dist/tex/latex/oberdiek/kvoptions.sty
Package: kvoptions 2011/06/30 v3.11 Key value format for package options (HO)
)
\@linkdim=\dimen161
\Hy@linkcounter=\count118
\Hy@pagecounter=\count119

(/usr/share/texlive/texmf-dist/tex/latex/hyperref/pd1enc.def
File: pd1enc.def 2012/05/13 v6.82q Hyperref: PDFDocEncoding definition (HO)
)
\Hy@SavedSpaceFactor=\count120

(/usr/share/texlive/texmf-dist/tex/latex/latexconfig/hyperref.cfg
File: hyperref.cfg 2002/06/06 v1.2 hyperref configuration of TeXLive
)
Package hyperref Info: Option `bookmarks' set `true' on input line 3941.
Package hyperref Info: Option `bookmarksopen' set `true' on input line 3941.
Package hyperref Info: Option `implicit' set `false' on input line 3941.
Package hyperref Info: Hyper figures OFF on input line 4062.
Package hyperref Info: Link nesting OFF on input line 4067.
Package hyperref Info: Hyper index ON on input line 4070.
Package hyperref Info: Plain pages OFF on input line 4077.
Package hyperref Info: Backreferencing OFF on input line 4082.
Package hyperref Info: Implicit mode OFF; no redefinition of LaTeX internals.
Package hyperref Info: Bookmarks ON on input line 4300.
\c@Hy@tempcnt=\count121

(/usr/share/texlive/texmf-dist/tex/latex/url/url.sty
\Urlmuskip=\muskip10
Package: url 2006/04/12  ver 3.3  Verb mode for urls, etc.
)
LaTeX Info: Redefining \url on input line 4653.
\Fld@menulength=\count122
\Field@Width=\dimen162
\Fld@charsize=\dimen163
Package hyperref Info: Hyper figures OFF on input line 5773.
Package hyperref Info: Link nesting OFF on input line 5778.
Package hyperref Info: Hyper index ON on input line 5781.
Package hyperref Info: backreferencing OFF on input line 5788.
Package hyperref Info: Link coloring OFF on input line 5793.
Package hyperref Info: Link coloring with OCG OFF on input line 5798.
Package hyperref Info: PDF/A mode OFF on input line 5803.
LaTeX Info: Redefining \ref on input line 5843.
LaTeX Info: Redefining \pageref on input line 5847.
\Hy@abspage=\count123


Package hyperref Message: Stopped early.

)

Package hyperref Message: Driver (autodetected): hpdftex.

(/usr/share/texlive/texmf-dist/tex/latex/hyperref/hpdftex.def
File: hpdftex.def 2012/05/13 v6.82q Hyperref driver for pdfTeX
\Fld@listcount=\count124
\c@bookmark@seq@number=\count125

(/usr/share/texlive/texmf-dist/tex/latex/oberdiek/rerunfilecheck.sty
Package: rerunfilecheck 2011/04/15 v1.7 Rerun checks for auxiliary files (HO)
Package uniquecounter Info: New unique counter `rerunfilecheck' on input line 2
82.
))
(/usr/share/texmf/tex/latex/beamer/base/beamerbaserequires.sty
Package: beamerbaserequires 2010/05/01  (rcs-revision efa082c6111d)

(/usr/share/texmf/tex/latex/beamer/base/beamerbasecompatibility.sty
Package: beamerbasecompatibility 2010/07/12  (rcs-revision 6648c3177e4e)
)
(/usr/share/texmf/tex/latex/beamer/base/beamerbasefont.sty
Package: beamerbasefont 2010/05/10  (rcs-revision cd36e8a33c6b)

(/usr/share/texlive/texmf-dist/tex/latex/amsfonts/amssymb.sty
Package: amssymb 2009/06/22 v3.00

(/usr/share/texlive/texmf-dist/tex/latex/amsfonts/amsfonts.sty
Package: amsfonts 2009/06/22 v3.00 Basic AMSFonts support
\@emptytoks=\toks23
\symAMSa=\mathgroup4
\symAMSb=\mathgroup5
LaTeX Font Info:    Overwriting math alphabet `\mathfrak' in version `bold'
(Font)                  U/euf/m/n --> U/euf/b/n on input line 96.
)))
(/usr/share/texmf/tex/latex/beamer/base/beamerbasetranslator.sty
Package: beamerbasetranslator 2010/06/11  (rcs-revision 85fd1cc7fc42)

(/usr/share/texmf/tex/latex/beamer/base/translator/translator.sty
Package: translator 2010/06/12 ver 1.10

(/usr/share/texmf/tex/latex/beamer/base/translator/translator-language-mappings
.tex))) (/usr/share/texmf/tex/latex/beamer/base/beamerbasemisc.sty
Package: beamerbasemisc 2010/06/06  (rcs-revision bff0a9294b45)
)
(/usr/share/texmf/tex/latex/beamer/base/beamerbasetwoscreens.sty
Package: beamerbasetwoscreens 2010/05/01  (rcs-revision efa082c6111d)
)
(/usr/share/texmf/tex/latex/beamer/base/beamerbaseoverlay.sty
Package: beamerbaseoverlay 2010/05/07  (rcs-revision 5584dad462a9)
\beamer@argscount=\count126
\beamer@lastskipcover=\skip44
\beamer@trivlistdepth=\count127
)
(/usr/share/texmf/tex/latex/beamer/base/beamerbasetitle.sty
Package: beamerbasetitle 2010/06/12  (rcs-revision 717e481ca47a)
)
(/usr/share/texmf/tex/latex/beamer/base/beamerbasesection.sty
Package: beamerbasesection 2010/06/17  (rcs-revision e0d9401bb743)
\c@lecture=\count128
\c@part=\count129
\c@section=\count130
\c@subsection=\count131
\c@subsubsection=\count132
)
(/usr/share/texmf/tex/latex/beamer/base/beamerbaseframe.sty
Package: beamerbaseframe 2010/06/06  (rcs-revision bff0a9294b45)
\beamer@framebox=\box40
\beamer@frametitlebox=\box41
\beamer@zoombox=\box42
\beamer@zoomcount=\count133
\beamer@zoomframecount=\count134
\beamer@frametextheight=\dimen164
\c@subsectionslide=\count135
\beamer@frametopskip=\skip45
\beamer@framebottomskip=\skip46
\beamer@frametopskipautobreak=\skip47
\beamer@framebottomskipautobreak=\skip48
\beamer@envbody=\toks24
\c@framenumber=\count136
)
(/usr/share/texmf/tex/latex/beamer/base/beamerbaseverbatim.sty
Package: beamerbaseverbatim 2010/05/01  (rcs-revision efa082c6111d)
\beamer@verbatimfileout=\write4
)
(/usr/share/texmf/tex/latex/beamer/base/beamerbaseframesize.sty
Package: beamerbaseframesize 2010/06/27  (rcs-revision 6baa2d92e6f1)
\beamer@splitbox=\box43
\beamer@autobreakcount=\count137
\beamer@autobreaklastheight=\dimen165
\beamer@frametitletoks=\toks25
\beamer@framesubtitletoks=\toks26
)
(/usr/share/texmf/tex/latex/beamer/base/beamerbaseframecomponents.sty
Package: beamerbaseframecomponents 2010/07/12  (rcs-revision 09e82992d9b1)
\beamer@footins=\box44
)
(/usr/share/texmf/tex/latex/beamer/base/beamerbasecolor.sty
Package: beamerbasecolor 2010/06/06  (rcs-revision d1a9b48be06d)
)
(/usr/share/texmf/tex/latex/beamer/base/beamerbasenotes.sty
Package: beamerbasenotes 2010/05/01  (rcs-revision efa082c6111d)
\beamer@frameboxcopy=\box45
)
(/usr/share/texmf/tex/latex/beamer/base/beamerbasetoc.sty
Package: beamerbasetoc 2010/06/11  (rcs-revision 242ecaa6783b)
)
(/usr/share/texmf/tex/latex/beamer/base/beamerbasetemplates.sty
Package: beamerbasetemplates 2010/05/01  (rcs-revision efa082c6111d)
\beamer@sbttoks=\toks27

(/usr/share/texmf/tex/latex/beamer/base/beamerbaseauxtemplates.sty
Package: beamerbaseauxtemplates 2010/05/01  (rcs-revision efa082c6111d)

(/usr/share/texmf/tex/latex/beamer/base/beamerbaseboxes.sty
Package: beamerbaseboxes 2010/05/01  (rcs-revision efa082c6111d)
\bmb@box=\box46
\bmb@colorbox=\box47
\bmb@boxshadow=\box48
\bmb@boxshadowball=\box49
\bmb@boxshadowballlarge=\box50
\bmb@temp=\dimen166
\bmb@dima=\dimen167
\bmb@dimb=\dimen168
\bmb@prevheight=\dimen169
)
\beamer@blockheadheight=\dimen170
))
(/usr/share/texmf/tex/latex/beamer/base/beamerbaselocalstructure.sty
Package: beamerbaselocalstructure 2010/06/01  (rcs-revision 81f9e33f7cc2)

(/usr/share/texlive/texmf-dist/tex/latex/tools/enumerate.sty
Package: enumerate 1999/03/05 v3.00 enumerate extensions (DPC)
\@enLab=\toks28
)
\c@figure=\count138
\c@table=\count139
\abovecaptionskip=\skip49
\belowcaptionskip=\skip50
)
(/usr/share/texmf/tex/latex/beamer/base/beamerbasenavigation.sty
Package: beamerbasenavigation 2010/05/01  (rcs-revision efa082c6111d)
)
(/usr/share/texmf/tex/latex/beamer/base/beamerbasetheorems.sty
Package: beamerbasetheorems 2010/06/06  (rcs-revision 7e7cc5e53e9d)

(/usr/share/texlive/texmf-dist/tex/latex/amsmath/amsmath.sty
Package: amsmath 2000/07/18 v2.13 AMS math features
\@mathmargin=\skip51

For additional information on amsmath, use the `?' option.
(/usr/share/texlive/texmf-dist/tex/latex/amsmath/amstext.sty
Package: amstext 2000/06/29 v2.01

(/usr/share/texlive/texmf-dist/tex/latex/amsmath/amsgen.sty
File: amsgen.sty 1999/11/30 v2.0
\@emptytoks=\toks29
\ex@=\dimen171
))
(/usr/share/texlive/texmf-dist/tex/latex/amsmath/amsbsy.sty
Package: amsbsy 1999/11/29 v1.2d
\pmbraise@=\dimen172
)
(/usr/share/texlive/texmf-dist/tex/latex/amsmath/amsopn.sty
Package: amsopn 1999/12/14 v2.01 operator names
)
\inf@bad=\count140
LaTeX Info: Redefining \frac on input line 211.
\uproot@=\count141
\leftroot@=\count142
LaTeX Info: Redefining \overline on input line 307.
\classnum@=\count143
\DOTSCASE@=\count144
LaTeX Info: Redefining \ldots on input line 379.
LaTeX Info: Redefining \dots on input line 382.
LaTeX Info: Redefining \cdots on input line 467.
\Mathstrutbox@=\box51
\strutbox@=\box52
\big@size=\dimen173
LaTeX Font Info:    Redeclaring font encoding OML on input line 567.
LaTeX Font Info:    Redeclaring font encoding OMS on input line 568.
\macc@depth=\count145
\c@MaxMatrixCols=\count146
\dotsspace@=\muskip11
\c@parentequation=\count147
\dspbrk@lvl=\count148
\tag@help=\toks30
\row@=\count149
\column@=\count150
\maxfields@=\count151
\andhelp@=\toks31
\eqnshift@=\dimen174
\alignsep@=\dimen175
\tagshift@=\dimen176
\tagwidth@=\dimen177
\totwidth@=\dimen178
\lineht@=\dimen179
\@envbody=\toks32
\multlinegap=\skip52
\multlinetaggap=\skip53
\mathdisplay@stack=\toks33
LaTeX Info: Redefining \[ on input line 2666.
LaTeX Info: Redefining \] on input line 2667.
)
(/usr/share/texlive/texmf-dist/tex/latex/amscls/amsthm.sty
Package: amsthm 2009/07/02 v2.20.1
\thm@style=\toks34
\thm@bodyfont=\toks35
\thm@headfont=\toks36
\thm@notefont=\toks37
\thm@headpunct=\toks38
\thm@preskip=\skip54
\thm@postskip=\skip55
\thm@headsep=\skip56
\dth@everypar=\toks39
)
\c@theorem=\count152
)
(/usr/share/texmf/tex/latex/beamer/base/beamerbasethemes.sty
Package: beamerbasethemes 2010/05/01  (rcs-revision efa082c6111d)
))
(/usr/share/texmf/tex/latex/beamer/base/themes/theme/beamerthemedefault.sty
Package: beamerthemedefault 2010/06/17  (rcs-revision d02a7cf4d8ae)

(/usr/share/texmf/tex/latex/beamer/base/themes/font/beamerfontthemedefault.sty
Package: beamerfontthemedefault 2010/06/17  (rcs-revision d02a7cf4d8ae)
)
(/usr/share/texmf/tex/latex/beamer/base/themes/color/beamercolorthemedefault.st
y
Package: beamercolorthemedefault 2010/06/17  (rcs-revision d02a7cf4d8ae)
)
(/usr/share/texmf/tex/latex/beamer/base/themes/inner/beamerinnerthemedefault.st
y
Package: beamerinnerthemedefault 2010/06/17  (rcs-revision d02a7cf4d8ae)
\beamer@dima=\dimen180
\beamer@dimb=\dimen181
)
(/usr/share/texmf/tex/latex/beamer/base/themes/outer/beamerouterthemedefault.st
y
Package: beamerouterthemedefault 2010/06/17  (rcs-revision d02a7cf4d8ae)
)))
(/usr/share/texmf/tex/latex/beamer/base/themes/color/beamercolorthemestructure.
sty
Package: beamercolorthemestructure 2010/06/17  (rcs-revision d02a7cf4d8ae)
) (/usr/share/texlive/texmf-dist/tex/latex/oberdiek/epstopdf.sty
Package: epstopdf 2010/02/09 v2.5 Conversion with epstopdf on the fly (HO)

(/usr/share/texlive/texmf-dist/tex/latex/oberdiek/epstopdf-base.sty
Package: epstopdf-base 2010/02/09 v2.5 Base part for package epstopdf

(/usr/share/texlive/texmf-dist/tex/latex/oberdiek/grfext.sty
Package: grfext 2010/08/19 v1.1 Manage graphics extensions (HO)
)
Package grfext Info: Graphics extension search list:
(grfext)             [.png,.pdf,.jpg,.mps,.jpeg,.jbig2,.jb2,.PNG,.PDF,.JPG,.JPE
G,.JBIG2,.JB2,.eps]
(grfext)             \AppendGraphicsExtensions on input line 452.

(/usr/share/texlive/texmf-dist/tex/latex/latexconfig/epstopdf-sys.cfg
File: epstopdf-sys.cfg 2010/07/13 v1.3 Configuration of (r)epstopdf for TeX Liv
e
)))
(/usr/share/texlive/texmf-dist/tex/latex/multirow/multirow.sty
\bigstrutjot=\dimen182
)
(/usr/share/texmf/tex/latex/beamer/base/themes/theme/beamerthemeMadrid.sty
Package: beamerthemeMadrid 2010/06/17  (rcs-revision d02a7cf4d8ae)

(/usr/share/texmf/tex/latex/beamer/base/themes/color/beamercolorthemewhale.sty
Package: beamercolorthemewhale 2010/06/17  (rcs-revision d02a7cf4d8ae)
)
(/usr/share/texmf/tex/latex/beamer/base/themes/color/beamercolorthemeorchid.sty
Package: beamercolorthemeorchid 2010/06/17  (rcs-revision d02a7cf4d8ae)
)
(/usr/share/texmf/tex/latex/beamer/base/themes/inner/beamerinnerthemerounded.st
y
Package: beamerinnerthemerounded 2010/06/17  (rcs-revision d02a7cf4d8ae)
)
(/usr/share/texmf/tex/latex/beamer/base/themes/outer/beamerouterthemeinfolines.
sty
Package: beamerouterthemeinfolines 2010/07/10  (rcs-revision 445340293dde)
)) (/usr/share/texlive/texmf-dist/tex/generic/babel/babel.sty
Package: babel 2008/07/08 v3.8m The Babel package

(/usr/share/texlive/texmf-dist/tex/generic/babel/english.ldf
Language: english 2005/03/30 v3.3o English support from the babel system

(/usr/share/texlive/texmf-dist/tex/generic/babel/babel.def
File: babel.def 2008/07/08 v3.8m Babel common definitions
LaTeX Info: Redefining \textlatin on input line 82.
\babel@savecnt=\count153
\U@D=\dimen183
)
\l@british = a dialect from \language\l@english 
\l@UKenglish = a dialect from \language\l@english 
\l@canadian = a dialect from \language\l@american 
\l@australian = a dialect from \language\l@british 
\l@newzealand = a dialect from \language\l@british 
))
(/usr/share/texlive/texmf-dist/tex/latex/base/inputenc.sty
Package: inputenc 2008/03/30 v1.1d Input encoding file
\inpenc@prehook=\toks40
\inpenc@posthook=\toks41

(/usr/share/texlive/texmf-dist/tex/latex/base/latin1.def
File: latin1.def 2008/03/30 v1.1d Input encoding file
))
(/usr/share/texlive/texmf-dist/tex/latex/psnfss/times.sty
Package: times 2005/04/12 PSNFSS-v9.2a (SPQR) 
)
(/usr/share/texlive/texmf-dist/tex/latex/base/fontenc.sty
Package: fontenc 2005/09/27 v1.99g Standard LaTeX package

(/usr/share/texlive/texmf-dist/tex/latex/base/t1enc.def
File: t1enc.def 2005/09/27 v1.99g Standard LaTeX file
LaTeX Font Info:    Redeclaring font encoding T1 on input line 43.
))

Package hyperref Warning: Token not allowed in a PDF string (PDFDocEncoding):
(hyperref)                removing `math shift' on input line 110.


Package hyperref Warning: Token not allowed in a PDF string (PDFDocEncoding):
(hyperref)                removing `\rightarrow' on input line 110.


Package hyperref Warning: Token not allowed in a PDF string (PDFDocEncoding):
(hyperref)                removing `math shift' on input line 110.


Package hyperref Warning: Token not allowed in a PDF string (PDFDocEncoding):
(hyperref)                removing `math shift' on input line 110.


Package hyperref Warning: Token not allowed in a PDF string (PDFDocEncoding):
(hyperref)                removing `\rightarrow' on input line 110.


Package hyperref Warning: Token not allowed in a PDF string (PDFDocEncoding):
(hyperref)                removing `math shift' on input line 110.

(./prelim.aux (./standard_model.aux) (./experiment.aux) (./event_selection.aux)
(./optimization.aux) (./systematics.aux) (./conclusion.aux) (./backupslides.aux
))
\openout1 = `prelim.aux'.

LaTeX Font Info:    Checking defaults for OML/cmm/m/it on input line 110.
LaTeX Font Info:    ... okay on input line 110.
LaTeX Font Info:    Checking defaults for T1/cmr/m/n on input line 110.
LaTeX Font Info:    ... okay on input line 110.
LaTeX Font Info:    Checking defaults for OT1/cmr/m/n on input line 110.
LaTeX Font Info:    ... okay on input line 110.
LaTeX Font Info:    Checking defaults for OMS/cmsy/m/n on input line 110.
LaTeX Font Info:    ... okay on input line 110.
LaTeX Font Info:    Checking defaults for OMX/cmex/m/n on input line 110.
LaTeX Font Info:    ... okay on input line 110.
LaTeX Font Info:    Checking defaults for U/cmr/m/n on input line 110.
LaTeX Font Info:    ... okay on input line 110.
LaTeX Font Info:    Checking defaults for PD1/pdf/m/n on input line 110.
LaTeX Font Info:    ... okay on input line 110.
LaTeX Font Info:    Try loading font information for T1+phv on input line 110.
 (/usr/share/texlive/texmf-dist/tex/latex/psnfss/t1phv.fd
File: t1phv.fd 2001/06/04 scalable font definitions for T1/phv.
)
*geometry* driver: auto-detecting
*geometry* detected driver: pdftex
*geometry* verbose mode - [ preamble ] result:
* driver: pdftex
* paper: custom
* layout: <same size as paper>
* layoutoffset:(h,v)=(0.0pt,0.0pt)
* modes: includehead includefoot 
* h-part:(L,W,R)=(10.95003pt, 342.2953pt, 10.95003pt)
* v-part:(T,H,B)=(0.0pt, 273.14662pt, 0.0pt)
* \paperwidth=364.19536pt
* \paperheight=273.14662pt
* \textwidth=342.2953pt
* \textheight=244.6939pt
* \oddsidemargin=-61.31996pt
* \evensidemargin=-61.31996pt
* \topmargin=-72.26999pt
* \headheight=14.22636pt
* \headsep=0.0pt
* \topskip=11.0pt
* \footskip=14.22636pt
* \marginparwidth=4.0pt
* \marginparsep=10.0pt
* \columnsep=10.0pt
* \skip\footins=10.0pt plus 4.0pt minus 2.0pt
* \hoffset=0.0pt
* \voffset=0.0pt
* \mag=1000
* \@twocolumnfalse
* \@twosidefalse
* \@mparswitchfalse
* \@reversemarginfalse
* (1in=72.27pt=25.4mm, 1cm=28.453pt)

(/usr/share/texlive/texmf-dist/tex/context/base/supp-pdf.mkii
[Loading MPS to PDF converter (version 2006.09.02).]
\scratchcounter=\count154
\scratchdimen=\dimen184
\scratchbox=\box53
\nofMPsegments=\count155
\nofMParguments=\count156
\everyMPshowfont=\toks42
\MPscratchCnt=\count157
\MPscratchDim=\dimen185
\MPnumerator=\count158
\makeMPintoPDFobject=\count159
\everyMPtoPDFconversion=\toks43
) ABD: EveryShipout initializing macros
\AtBeginShipoutBox=\box54
Package hyperref Info: Link coloring OFF on input line 110.

(/usr/share/texlive/texmf-dist/tex/latex/hyperref/nameref.sty
Package: nameref 2010/04/30 v2.40 Cross-referencing by name of section

(/usr/share/texlive/texmf-dist/tex/generic/oberdiek/gettitlestring.sty
Package: gettitlestring 2010/12/03 v1.4 Cleanup title references (HO)
)
\c@section@level=\count160
)
LaTeX Info: Redefining \ref on input line 110.
LaTeX Info: Redefining \pageref on input line 110.
LaTeX Info: Redefining \nameref on input line 110.

(./prelim.out) (./prelim.out)
\@outlinefile=\write5
\openout5 = `prelim.out'.

LaTeX Font Info:    Overwriting symbol font `operators' in version `normal'
(Font)                  OT1/cmr/m/n --> OT1/cmss/m/n on input line 110.
LaTeX Font Info:    Overwriting symbol font `operators' in version `bold'
(Font)                  OT1/cmr/bx/n --> OT1/cmss/bx/n on input line 110.
\symnumbers=\mathgroup6
\sympureletters=\mathgroup7
LaTeX Font Info:    Overwriting math alphabet `\mathrm' in version `normal'
(Font)                  OT1/cmss/m/n --> T1/ptm/m/n on input line 110.
LaTeX Font Info:    Redeclaring math alphabet \mathbf on input line 110.
LaTeX Font Info:    Overwriting math alphabet `\mathbf' in version `normal'
(Font)                  OT1/cmr/bx/n --> T1/phv/bx/n on input line 110.
LaTeX Font Info:    Overwriting math alphabet `\mathbf' in version `bold'
(Font)                  OT1/cmr/bx/n --> T1/phv/bx/n on input line 110.
LaTeX Font Info:    Redeclaring math alphabet \mathsf on input line 110.
LaTeX Font Info:    Overwriting math alphabet `\mathsf' in version `normal'
(Font)                  OT1/cmss/m/n --> T1/phv/m/n on input line 110.
LaTeX Font Info:    Overwriting math alphabet `\mathsf' in version `bold'
(Font)                  OT1/cmss/bx/n --> T1/phv/m/n on input line 110.
LaTeX Font Info:    Redeclaring math alphabet \mathit on input line 110.
LaTeX Font Info:    Overwriting math alphabet `\mathit' in version `normal'
(Font)                  OT1/cmr/m/it --> T1/phv/m/it on input line 110.
LaTeX Font Info:    Overwriting math alphabet `\mathit' in version `bold'
(Font)                  OT1/cmr/bx/it --> T1/phv/m/it on input line 110.
LaTeX Font Info:    Redeclaring math alphabet \mathtt on input line 110.
LaTeX Font Info:    Overwriting math alphabet `\mathtt' in version `normal'
(Font)                  OT1/cmtt/m/n --> T1/pcr/m/n on input line 110.
LaTeX Font Info:    Overwriting math alphabet `\mathtt' in version `bold'
(Font)                  OT1/cmtt/m/n --> T1/pcr/m/n on input line 110.
LaTeX Font Info:    Overwriting symbol font `numbers' in version `bold'
(Font)                  T1/phv/m/n --> T1/phv/bx/n on input line 110.
LaTeX Font Info:    Overwriting symbol font `pureletters' in version `bold'
(Font)                  T1/phv/m/it --> T1/phv/bx/it on input line 110.
LaTeX Font Info:    Overwriting math alphabet `\mathrm' in version `bold'
(Font)                  OT1/cmss/bx/n --> T1/ptm/bx/n on input line 110.
LaTeX Font Info:    Overwriting math alphabet `\mathbf' in version `bold'
(Font)                  T1/phv/bx/n --> T1/phv/bx/n on input line 110.
LaTeX Font Info:    Overwriting math alphabet `\mathsf' in version `bold'
(Font)                  T1/phv/m/n --> T1/phv/bx/n on input line 110.
LaTeX Font Info:    Overwriting math alphabet `\mathit' in version `bold'
(Font)                  T1/phv/m/it --> T1/phv/bx/it on input line 110.
LaTeX Font Info:    Overwriting math alphabet `\mathtt' in version `bold'
(Font)                  T1/pcr/m/n --> T1/pcr/bx/n on input line 110.

(/usr/share/texmf/tex/latex/beamer/base/translator/dicts/translator-basic-dicti
onary/translator-basic-dictionary-English.dict
Dictionary: translator-basic-dictionary, Language: English 
)
(/usr/share/texmf/tex/latex/beamer/base/translator/dicts/translator-bibliograph
y-dictionary/translator-bibliography-dictionary-English.dict
Dictionary: translator-bibliography-dictionary, Language: English 
)
(/usr/share/texmf/tex/latex/beamer/base/translator/dicts/translator-environment
-dictionary/translator-environment-dictionary-English.dict
Dictionary: translator-environment-dictionary, Language: English 
)
(/usr/share/texmf/tex/latex/beamer/base/translator/dicts/translator-months-dict
ionary/translator-months-dictionary-English.dict
Dictionary: translator-months-dictionary, Language: English 
)
(/usr/share/texmf/tex/latex/beamer/base/translator/dicts/translator-numbers-dic
tionary/translator-numbers-dictionary-English.dict
Dictionary: translator-numbers-dictionary, Language: English 
)
(/usr/share/texmf/tex/latex/beamer/base/translator/dicts/translator-theorem-dic
tionary/translator-theorem-dictionary-English.dict
Dictionary: translator-theorem-dictionary, Language: English 
) (./prelim.nav)
LaTeX Font Info:    Try loading font information for U+msa on input line 110.

(/usr/share/texlive/texmf-dist/tex/latex/amsfonts/umsa.fd
File: umsa.fd 2009/06/22 v3.00 AMS symbols A
)
LaTeX Font Info:    Try loading font information for U+msb on input line 110.

(/usr/share/texlive/texmf-dist/tex/latex/amsfonts/umsb.fd
File: umsb.fd 2009/06/22 v3.00 AMS symbols B
)
LaTeX Font Info:    Font shape `T1/phv/m/it' in size <6> not available
(Font)              Font shape `T1/phv/m/sl' tried instead on input line 110.
LaTeX Font Info:    Font shape `T1/phv/m/it' in size <5> not available
(Font)              Font shape `T1/phv/m/sl' tried instead on input line 110.
LaTeX Font Info:    Font shape `T1/phv/m/it' in size <14.4> not available
(Font)              Font shape `T1/phv/m/sl' tried instead on input line 114.
LaTeX Font Info:    Font shape `T1/phv/m/it' in size <10> not available
(Font)              Font shape `T1/phv/m/sl' tried instead on input line 114.
LaTeX Font Info:    Font shape `T1/phv/m/it' in size <7> not available
(Font)              Font shape `T1/phv/m/sl' tried instead on input line 114.
 [1

{/var/lib/texmf/fonts/map/pdftex/updmap/pdftex.map}] (./prelim.toc) [2

]
LaTeX Font Info:    Font shape `T1/phv/m/it' in size <9> not available
(Font)              Font shape `T1/phv/m/sl' tried instead on input line 167.
 [3

]
\openout2 = `standard_model.aux'.

 (./standard_model.tex (./prelim.toc) [4


]
<images/subatomic_world.jpg, id=178, 1009.7725pt x 444.66125pt>
File: images/subatomic_world.jpg Graphic file (type jpg)

<use images/subatomic_world.jpg>
Package pdftex.def Info: images/subatomic_world.jpg used on input line 10.
(pdftex.def)             Requested size: 338.87422pt x 149.22874pt.
 [5

 <./images/subatomic_world.jpg>]
LaTeX Font Info:    Font shape `T1/phv/m/it' in size <10.95> not available
(Font)              Font shape `T1/phv/m/sl' tried instead on input line 41.
LaTeX Font Info:    Font shape `T1/phv/m/it' in size <8> not available
(Font)              Font shape `T1/phv/m/sl' tried instead on input line 41.
 [6

]
<images/standard_model_particles.jpg, id=233, 702.625pt x 627.34375pt>
File: images/standard_model_particles.jpg Graphic file (type jpg)

<use images/standard_model_particles.jpg>
Package pdftex.def Info: images/standard_model_particles.jpg used on input line
 58.
(pdftex.def)             Requested size: 167.72658pt x 149.7519pt.
 [7

 <./images/standard_model_particles.jpg>] [8

] <images/higgs_mechanism.png, id=289, 388.45125pt x 203.76125pt>
File: images/higgs_mechanism.png Graphic file (type png)

<use images/higgs_mechanism.png>
Package pdftex.def Info: images/higgs_mechanism.png used on input line 113.
(pdftex.def)             Requested size: 167.72658pt x 87.9825pt.

<images/higgs_mechanism_broken.png, id=290, 391.4625pt x 194.7275pt>
File: images/higgs_mechanism_broken.png Graphic file (type png)

<use images/higgs_mechanism_broken.png>
Package pdftex.def Info: images/higgs_mechanism_broken.png used on input line 1
13.
(pdftex.def)             Requested size: 167.72658pt x 83.43405pt.
 [9

 <./images/higgs_mechanism.png> <./images/higgs_mechanism_broken.png>])
\openout2 = `experiment.aux'.

 (./experiment.tex (./prelim.toc) [10



]
<images/before_accelerators.png, id=349, 389.455pt x 409.53pt>
File: images/before_accelerators.png Graphic file (type png)

<use images/before_accelerators.png>
Package pdftex.def Info: images/before_accelerators.png used on input line 27.
(pdftex.def)             Requested size: 162.24823pt x 170.60791pt.
 [11

 <./images/before_accelerators.png>]
<images/lhc-sim-600x209.jpg, id=379, 602.25pt x 209.78375pt>
File: images/lhc-sim-600x209.jpg Graphic file (type jpg)

<use images/lhc-sim-600x209.jpg>
Package pdftex.def Info: images/lhc-sim-600x209.jpg used on input line 71.
(pdftex.def)             Requested size: 338.87422pt x 118.04466pt.
 [12

 <./images/lhc-sim-600x209.jpg>]
<images/lhc_schematic.jpg, id=406, 245.2362pt x 172.4844pt>
File: images/lhc_schematic.jpg Graphic file (type jpg)

<use images/lhc_schematic.jpg>
Package pdftex.def Info: images/lhc_schematic.jpg used on input line 91.
(pdftex.def)             Requested size: 167.72658pt x 117.96686pt.
 [13

 <./images/lhc_schematic.jpg>]
<images/lhc_enviroment.png, id=434, 647.41875pt x 454.69875pt>
File: images/lhc_enviroment.png Graphic file (type png)

<use images/lhc_enviroment.png>
Package pdftex.def Info: images/lhc_enviroment.png used on input line 99.
(pdftex.def)             Requested size: 304.64261pt x 213.9582pt.
 [14

 <./images/lhc_enviroment.png>]
<images/2010_lhc_luminocity.png, id=461, 1660.2025pt x 1660.2025pt>
File: images/2010_lhc_luminocity.png Graphic file (type png)

<use images/2010_lhc_luminocity.png>
Package pdftex.def Info: images/2010_lhc_luminocity.png used on input line 108.

(pdftex.def)             Requested size: 112.95807pt x 112.95813pt.

<images/2011_lhc_luminocity.png, id=462, 361.35pt x 361.35pt>
File: images/2011_lhc_luminocity.png Graphic file (type png)

<use images/2011_lhc_luminocity.png>
Package pdftex.def Info: images/2011_lhc_luminocity.png used on input line 108.

(pdftex.def)             Requested size: 112.95807pt x 112.95468pt.

<images/2012_lhc_luminocity.png, id=464, 361.35pt x 361.35pt>
File: images/2012_lhc_luminocity.png Graphic file (type png)

<use images/2012_lhc_luminocity.png>
Package pdftex.def Info: images/2012_lhc_luminocity.png used on input line 108.

(pdftex.def)             Requested size: 112.95807pt x 112.95468pt.
 [15

 <./images/2010_lhc_luminocity.png (PNG copy)> <./images/2011_lhc_luminocity.pn
g> <./images/2012_lhc_luminocity.png>]
<images/CMScollaborationPoster.png, id=494, 808.01875pt x 422.57875pt>
File: images/CMScollaborationPoster.png Graphic file (type png)

<use images/CMScollaborationPoster.png>
Package pdftex.def Info: images/CMScollaborationPoster.png used on input line 1
14.
(pdftex.def)             Requested size: 338.87422pt x 177.22394pt.
 [16

 <./images/CMScollaborationPoster.png>] <images/CMS_Slice.png, id=522, 995.72pt
 x 507.8975pt>
File: images/CMS_Slice.png Graphic file (type png)

<use images/CMS_Slice.png>
Package pdftex.def Info: images/CMS_Slice.png used on input line 121.
(pdftex.def)             Requested size: 338.87422pt x 172.85336pt.
 [17

 <./images/CMS_Slice.png>]
<images/DetectorGlossary.png, id=550, 770.64836pt x 406.51875pt>
File: images/DetectorGlossary.png Graphic file (type png)

<use images/DetectorGlossary.png>
Package pdftex.def Info: images/DetectorGlossary.png used on input line 127.
(pdftex.def)             Requested size: 338.87422pt x 178.75714pt.
 [18

 <./images/DetectorGlossary.png>]
<images/higgs-limits-march2009.png, id=578, 1580.90625pt x 1185.42876pt>
File: images/higgs-limits-march2009.png Graphic file (type png)

<use images/higgs-limits-march2009.png>
Package pdftex.def Info: images/higgs-limits-march2009.png used on input line 1
50.
(pdftex.def)             Requested size: 169.4371pt x 127.05125pt.
 [19

 <./images/higgs-limits-march2009.png>] <images/higgs_production_feynman.png, i
d=608, 300.12125pt x 575.14874pt>
File: images/higgs_production_feynman.png Graphic file (type png)

<use images/higgs_production_feynman.png>
Package pdftex.def Info: images/higgs_production_feynman.png used on input line
 166.
(pdftex.def)             Requested size: 118.60803pt x 227.29974pt.

<images/higgs_production_lhc.png, id=609, 711.65875pt x 513.92pt>
File: images/higgs_production_lhc.png Graphic file (type png)

<use images/higgs_production_lhc.png>
Package pdftex.def Info: images/higgs_production_lhc.png used on input line 166
.
(pdftex.def)             Requested size: 220.26617pt x 159.0626pt.

Overfull \vbox (10.4986pt too high) detected at line 166
 []

[20

 <./images/higgs_production_feynman.png> <./images/higgs_production_lhc.png>] <
images/branching_ratio.png, id=636, 653.44125pt x 620.3175pt>
File: images/branching_ratio.png Graphic file (type png)

<use images/branching_ratio.png>
Package pdftex.def Info: images/branching_ratio.png used on input line 200.
(pdftex.def)             Requested size: 169.4371pt x 160.84334pt.
 [21

 <./images/branching_ratio.png>]
<images/ZZdecay.png, id=665, 622.63385pt x 322.43538pt>
File: images/ZZdecay.png Graphic file (type png)

<use images/ZZdecay.png>
Package pdftex.def Info: images/ZZdecay.png used on input line 222.
(pdftex.def)             Requested size: 338.87422pt x 175.4901pt.

Overfull \vbox (28.12532pt too high) detected at line 222
 []

[22

 <./images/ZZdecay.png>]
<images/h_zz_2l2q.png, id=692, 287.69019pt x 286.30038pt>
File: images/h_zz_2l2q.png Graphic file (type png)

<use images/h_zz_2l2q.png>
Package pdftex.def Info: images/h_zz_2l2q.png used on input line 255.
(pdftex.def)             Requested size: 118.60803pt x 118.03484pt.
 [23

 <./images/h_zz_2l2q.png>])
\openout2 = `event_selection.aux'.


(./event_selection.tex (./prelim.toc) [24



]
Package epstopdf Info: Source file: <images/workflow.eps>
(epstopdf)                    date: 2013-09-05 13:19:58
(epstopdf)                    size: 130610 bytes
(epstopdf)             Output file: <images/workflow-eps-converted-to.pdf>
(epstopdf)                    date: 2013-09-05 13:19:58
(epstopdf)                    size: 68943 bytes
(epstopdf)             Command: <epstopdf --outfile=images/workflow-eps-convert
ed-to.pdf images/workflow.eps>
(epstopdf)             \includegraphics on input line 8.
Package epstopdf Info: Output file is already uptodate.

<images/workflow-eps-converted-to.pdf, id=753, 796.9775pt x 597.23125pt>
File: images/workflow-eps-converted-to.pdf Graphic file (type pdf)

<use images/workflow-eps-converted-to.pdf>
Package pdftex.def Info: images/workflow-eps-converted-to.pdf used on input lin
e 8.
(pdftex.def)             Requested size: 342.2953pt x 256.5037pt.

Overfull \vbox (38.70255pt too high) detected at line 8
 []

[25

 <./images/workflow-eps-converted-to.pdf>] [26

]
LaTeX Font Info:    Font shape `T1/phv/bx/n' in size <10.95> not available
(Font)              Font shape `T1/phv/b/n' tried instead on input line 92.
Package epstopdf Info: Source file: <images/stdCandle_ElRun2012.eps>
(epstopdf)                    date: 2013-09-05 13:19:58
(epstopdf)                    size: 18267 bytes
(epstopdf)             Output file: <images/stdCandle_ElRun2012-eps-converted-t
o.pdf>
(epstopdf)                    date: 2013-09-05 13:19:58
(epstopdf)                    size: 10167 bytes
(epstopdf)             Command: <epstopdf --outfile=images/stdCandle_ElRun2012-
eps-converted-to.pdf images/stdCandle_ElRun2012.eps>
(epstopdf)             \includegraphics on input line 92.
Package epstopdf Info: Output file is already uptodate.

<images/stdCandle_ElRun2012-eps-converted-to.pdf, id=809, 569.12625pt x 385.44p
t>
File: images/stdCandle_ElRun2012-eps-converted-to.pdf Graphic file (type pdf)
 <use images/stdCandle_ElRun2012-eps-converted-to.pdf>
Package pdftex.def Info: images/stdCandle_ElRun2012-eps-converted-to.pdf used o
n input line 92.
(pdftex.def)             Requested size: 136.91862pt x 92.7251pt.
Package epstopdf Info: Source file: <images/stdCandle_MuRun2012.eps>
(epstopdf)                    date: 2013-09-05 13:19:58
(epstopdf)                    size: 16839 bytes
(epstopdf)             Output file: <images/stdCandle_MuRun2012-eps-converted-t
o.pdf>
(epstopdf)                    date: 2013-09-05 13:19:58
(epstopdf)                    size: 11087 bytes
(epstopdf)             Command: <epstopdf --outfile=images/stdCandle_MuRun2012-
eps-converted-to.pdf images/stdCandle_MuRun2012.eps>
(epstopdf)             \includegraphics on input line 92.
Package epstopdf Info: Output file is already uptodate.

<images/stdCandle_MuRun2012-eps-converted-to.pdf, id=810, 569.12625pt x 385.44p
t>
File: images/stdCandle_MuRun2012-eps-converted-to.pdf Graphic file (type pdf)
 <use images/stdCandle_MuRun2012-eps-converted-to.pdf>
Package pdftex.def Info: images/stdCandle_MuRun2012-eps-converted-to.pdf used o
n input line 92.
(pdftex.def)             Requested size: 136.91862pt x 92.7251pt.
 [27

 <./images/stdCandle_ElRun2012-eps-converted-to.pdf> <./images/stdCandle_MuRun2
012-eps-converted-to.pdf>]
Package epstopdf Info: Source file: <images/zjjmass_ElRun2012.eps>
(epstopdf)                    date: 2013-09-05 13:19:58
(epstopdf)                    size: 24306 bytes
(epstopdf)             Output file: <images/zjjmass_ElRun2012-eps-converted-to.
pdf>
(epstopdf)                    date: 2013-09-05 13:19:58
(epstopdf)                    size: 11810 bytes
(epstopdf)             Command: <epstopdf --outfile=images/zjjmass_ElRun2012-ep
s-converted-to.pdf images/zjjmass_ElRun2012.eps>
(epstopdf)             \includegraphics on input line 109.
Package epstopdf Info: Output file is already uptodate.

<images/zjjmass_ElRun2012-eps-converted-to.pdf, id=854, 569.12625pt x 385.44pt>
File: images/zjjmass_ElRun2012-eps-converted-to.pdf Graphic file (type pdf)
<use images/zjjmass_ElRun2012-eps-converted-to.pdf>
Package pdftex.def Info: images/zjjmass_ElRun2012-eps-converted-to.pdf used on 
input line 109.
(pdftex.def)             Requested size: 171.14764pt x 115.9093pt.
Package epstopdf Info: Source file: <images/zjjmass_MuRun2012.eps>
(epstopdf)                    date: 2013-09-05 13:19:58
(epstopdf)                    size: 22940 bytes
(epstopdf)             Output file: <images/zjjmass_MuRun2012-eps-converted-to.
pdf>
(epstopdf)                    date: 2013-09-05 13:19:58
(epstopdf)                    size: 11304 bytes
(epstopdf)             Command: <epstopdf --outfile=images/zjjmass_MuRun2012-ep
s-converted-to.pdf images/zjjmass_MuRun2012.eps>
(epstopdf)             \includegraphics on input line 109.
Package epstopdf Info: Output file is already uptodate.

<images/zjjmass_MuRun2012-eps-converted-to.pdf, id=855, 569.12625pt x 385.44pt>
File: images/zjjmass_MuRun2012-eps-converted-to.pdf Graphic file (type pdf)
<use images/zjjmass_MuRun2012-eps-converted-to.pdf>
Package pdftex.def Info: images/zjjmass_MuRun2012-eps-converted-to.pdf used on 
input line 109.
(pdftex.def)             Requested size: 171.14764pt x 115.9093pt.
 [28

 <./images/zjjmass_ElRun2012-eps-converted-to.pdf> <./images/zjjmass_MuRun2012-
eps-converted-to.pdf>]
LaTeX Font Info:    Font shape `T1/phv/bx/n' in size <10> not available
(Font)              Font shape `T1/phv/b/n' tried instead on input line 149.
Package epstopdf Info: Source file: <images/JPJet_MuRun2012_LOG.eps>
(epstopdf)                    date: 2013-09-05 13:19:58
(epstopdf)                    size: 20591 bytes
(epstopdf)             Output file: <images/JPJet_MuRun2012_LOG-eps-converted-t
o.pdf>
(epstopdf)                    date: 2013-09-05 13:19:58
(epstopdf)                    size: 10827 bytes
(epstopdf)             Command: <epstopdf --outfile=images/JPJet_MuRun2012_LOG-
eps-converted-to.pdf images/JPJet_MuRun2012_LOG.eps>
(epstopdf)             \includegraphics on input line 149.
Package epstopdf Info: Output file is already uptodate.

<images/JPJet_MuRun2012_LOG-eps-converted-to.pdf, id=892, 569.12625pt x 385.44p
t>
File: images/JPJet_MuRun2012_LOG-eps-converted-to.pdf Graphic file (type pdf)
 <use images/JPJet_MuRun2012_LOG-eps-converted-to.pdf>
Package pdftex.def Info: images/JPJet_MuRun2012_LOG-eps-converted-to.pdf used o
n input line 149.
(pdftex.def)             Requested size: 203.32658pt x 137.70554pt.
 [29

 <./images/JPJet_MuRun2012_LOG-eps-converted-to.pdf>]
Package epstopdf Info: Source file: <images/zjjmass_MuRun2012_blind.eps>
(epstopdf)                    date: 2013-09-05 13:19:58
(epstopdf)                    size: 3247039 bytes
(epstopdf)             Output file: <images/zjjmass_MuRun2012_blind-eps-convert
ed-to.pdf>
(epstopdf)                    date: 2013-09-05 13:19:58
(epstopdf)                    size: 335158 bytes
(epstopdf)             Command: <epstopdf --outfile=images/zjjmass_MuRun2012_bl
ind-eps-converted-to.pdf images/zjjmass_MuRun2012_blind.eps>
(epstopdf)             \includegraphics on input line 180.
Package epstopdf Info: Output file is already uptodate.

<images/zjjmass_MuRun2012_blind-eps-converted-to.pdf, id=924, 5692.26625pt x 38
54.4pt>
File: images/zjjmass_MuRun2012_blind-eps-converted-to.pdf Graphic file (type pd
f)
 <use images/zjjmass_MuRun2012_blind-eps-converted-to.pdf>
Package pdftex.def Info: images/zjjmass_MuRun2012_blind-eps-converted-to.pdf us
ed on input line 180.
(pdftex.def)             Requested size: 205.37926pt x 139.03471pt.
LaTeX Font Info:    Font shape `T1/phv/bx/n' in size <9> not available
(Font)              Font shape `T1/phv/b/n' tried instead on input line 180.
 [30

 <./images/zjjmass_MuRun2012_blind-eps-converted-to.pdf>]
Package epstopdf Info: Source file: <images/lljjmass_0btagSB_ElRun2012_LOG.eps>

(epstopdf)                    date: 2013-09-05 13:19:58
(epstopdf)                    size: 19190 bytes
(epstopdf)             Output file: <images/lljjmass_0btagSB_ElRun2012_LOG-eps-
converted-to.pdf>
(epstopdf)                    date: 2013-09-05 13:19:58
(epstopdf)                    size: 10859 bytes
(epstopdf)             Command: <epstopdf --outfile=images/lljjmass_0btagSB_ElR
un2012_LOG-eps-converted-to.pdf images/lljjmass_0btagSB_ElRun2012_LOG.eps>
(epstopdf)             \includegraphics on input line 228.
Package epstopdf Info: Output file is already uptodate.

<images/lljjmass_0btagSB_ElRun2012_LOG-eps-converted-to.pdf, id=955, 569.12625p
t x 385.44pt>
File: images/lljjmass_0btagSB_ElRun2012_LOG-eps-converted-to.pdf Graphic file (
type pdf)
 <use images/lljjmass_0btagSB_ElRun2012_LOG-eps-converted-to.pdf>
Package pdftex.def Info: images/lljjmass_0btagSB_ElRun2012_LOG-eps-converted-to
.pdf used on input line 228.
(pdftex.def)             Requested size: 112.95807pt x 76.49849pt.
Package epstopdf Info: Source file: <images/lljjmass_1btagSB_ElRun2012_LOG.eps>

(epstopdf)                    date: 2013-09-05 13:19:58
(epstopdf)                    size: 18413 bytes
(epstopdf)             Output file: <images/lljjmass_1btagSB_ElRun2012_LOG-eps-
converted-to.pdf>
(epstopdf)                    date: 2013-09-05 13:19:58
(epstopdf)                    size: 10598 bytes
(epstopdf)             Command: <epstopdf --outfile=images/lljjmass_1btagSB_ElR
un2012_LOG-eps-converted-to.pdf images/lljjmass_1btagSB_ElRun2012_LOG.eps>
(epstopdf)             \includegraphics on input line 228.
Package epstopdf Info: Output file is already uptodate.

<images/lljjmass_1btagSB_ElRun2012_LOG-eps-converted-to.pdf, id=956, 569.12625p
t x 385.44pt>
File: images/lljjmass_1btagSB_ElRun2012_LOG-eps-converted-to.pdf Graphic file (
type pdf)
 <use images/lljjmass_1btagSB_ElRun2012_LOG-eps-converted-to.pdf>
Package pdftex.def Info: images/lljjmass_1btagSB_ElRun2012_LOG-eps-converted-to
.pdf used on input line 228.
(pdftex.def)             Requested size: 112.95807pt x 76.49849pt.
Package epstopdf Info: Source file: <images/lljjmass_2btagSB_ElRun2012_LOG.eps>

(epstopdf)                    date: 2013-09-05 13:19:58
(epstopdf)                    size: 17436 bytes
(epstopdf)             Output file: <images/lljjmass_2btagSB_ElRun2012_LOG-eps-
converted-to.pdf>
(epstopdf)                    date: 2013-09-05 13:19:58
(epstopdf)                    size: 10039 bytes
(epstopdf)             Command: <epstopdf --outfile=images/lljjmass_2btagSB_ElR
un2012_LOG-eps-converted-to.pdf images/lljjmass_2btagSB_ElRun2012_LOG.eps>
(epstopdf)             \includegraphics on input line 228.
Package epstopdf Info: Output file is already uptodate.

<images/lljjmass_2btagSB_ElRun2012_LOG-eps-converted-to.pdf, id=957, 569.12625p
t x 385.44pt>
File: images/lljjmass_2btagSB_ElRun2012_LOG-eps-converted-to.pdf Graphic file (
type pdf)
 <use images/lljjmass_2btagSB_ElRun2012_LOG-eps-converted-to.pdf>
Package pdftex.def Info: images/lljjmass_2btagSB_ElRun2012_LOG-eps-converted-to
.pdf used on input line 228.
(pdftex.def)             Requested size: 112.95807pt x 76.49849pt.
Package epstopdf Info: Source file: <images/lljjmass_0btagSB_MuRun2012_LOG.eps>

(epstopdf)                    date: 2013-09-05 13:19:58
(epstopdf)                    size: 19187 bytes
(epstopdf)             Output file: <images/lljjmass_0btagSB_MuRun2012_LOG-eps-
converted-to.pdf>
(epstopdf)                    date: 2013-09-05 13:19:58
(epstopdf)                    size: 10845 bytes
(epstopdf)             Command: <epstopdf --outfile=images/lljjmass_0btagSB_MuR
un2012_LOG-eps-converted-to.pdf images/lljjmass_0btagSB_MuRun2012_LOG.eps>
(epstopdf)             \includegraphics on input line 228.
Package epstopdf Info: Output file is already uptodate.

<images/lljjmass_0btagSB_MuRun2012_LOG-eps-converted-to.pdf, id=958, 569.12625p
t x 385.44pt>
File: images/lljjmass_0btagSB_MuRun2012_LOG-eps-converted-to.pdf Graphic file (
type pdf)
 <use images/lljjmass_0btagSB_MuRun2012_LOG-eps-converted-to.pdf>
Package pdftex.def Info: images/lljjmass_0btagSB_MuRun2012_LOG-eps-converted-to
.pdf used on input line 228.
(pdftex.def)             Requested size: 112.95807pt x 76.49849pt.
Package epstopdf Info: Source file: <images/lljjmass_1btagSB_MuRun2012_LOG.eps>

(epstopdf)                    date: 2013-09-05 13:19:58
(epstopdf)                    size: 18769 bytes
(epstopdf)             Output file: <images/lljjmass_1btagSB_MuRun2012_LOG-eps-
converted-to.pdf>
(epstopdf)                    date: 2013-09-05 13:19:58
(epstopdf)                    size: 10617 bytes
(epstopdf)             Command: <epstopdf --outfile=images/lljjmass_1btagSB_MuR
un2012_LOG-eps-converted-to.pdf images/lljjmass_1btagSB_MuRun2012_LOG.eps>
(epstopdf)             \includegraphics on input line 228.
Package epstopdf Info: Output file is already uptodate.

<images/lljjmass_1btagSB_MuRun2012_LOG-eps-converted-to.pdf, id=959, 569.12625p
t x 385.44pt>
File: images/lljjmass_1btagSB_MuRun2012_LOG-eps-converted-to.pdf Graphic file (
type pdf)
 <use images/lljjmass_1btagSB_MuRun2012_LOG-eps-converted-to.pdf>
Package pdftex.def Info: images/lljjmass_1btagSB_MuRun2012_LOG-eps-converted-to
.pdf used on input line 228.
(pdftex.def)             Requested size: 112.95807pt x 76.49849pt.
Package epstopdf Info: Source file: <images/lljjmass_2btagSB_MuRun2012_LOG.eps>

(epstopdf)                    date: 2013-09-05 13:19:58
(epstopdf)                    size: 18331 bytes
(epstopdf)             Output file: <images/lljjmass_2btagSB_MuRun2012_LOG-eps-
converted-to.pdf>
(epstopdf)                    date: 2013-09-05 13:19:58
(epstopdf)                    size: 10218 bytes
(epstopdf)             Command: <epstopdf --outfile=images/lljjmass_2btagSB_MuR
un2012_LOG-eps-converted-to.pdf images/lljjmass_2btagSB_MuRun2012_LOG.eps>
(epstopdf)             \includegraphics on input line 228.
Package epstopdf Info: Output file is already uptodate.

<images/lljjmass_2btagSB_MuRun2012_LOG-eps-converted-to.pdf, id=960, 569.12625p
t x 385.44pt>
File: images/lljjmass_2btagSB_MuRun2012_LOG-eps-converted-to.pdf Graphic file (
type pdf)
 <use images/lljjmass_2btagSB_MuRun2012_LOG-eps-converted-to.pdf>
Package pdftex.def Info: images/lljjmass_2btagSB_MuRun2012_LOG-eps-converted-to
.pdf used on input line 228.
(pdftex.def)             Requested size: 112.95807pt x 76.49849pt.

[31

 <./images/lljjmass_0btagSB_ElRun2012_LOG-eps-converted-to.pdf> <./images/lljjm
ass_1btagSB_ElRun2012_LOG-eps-converted-to.pdf> <./images/lljjmass_2btagSB_ElRu
n2012_LOG-eps-converted-to.pdf> <./images/lljjmass_0btagSB_MuRun2012_LOG-eps-co
nverted-to.pdf> <./images/lljjmass_1btagSB_MuRun2012_LOG-eps-converted-to.pdf> 
<./images/lljjmass_2btagSB_MuRun2012_LOG-eps-converted-to.pdf>]
<images/fromDani/mZZ_sidebandsDATA_alpha_0btag_ALL_log.png, id=1017, 598.235pt 
x 574.145pt>
File: images/fromDani/mZZ_sidebandsDATA_alpha_0btag_ALL_log.png Graphic file (t
ype png)
 <use images/fromDani/mZZ_sidebandsDATA_alpha_0btag_ALL_log.png>
Package pdftex.def Info: images/fromDani/mZZ_sidebandsDATA_alpha_0btag_ALL_log.
png used on input line 272.
(pdftex.def)             Requested size: 102.68962pt x 98.54951pt.

<images/fromDani/mZZ_sidebandsDATA_alpha_1btag_ALL_log.png, id=1018, 598.235pt 
x 574.145pt>
File: images/fromDani/mZZ_sidebandsDATA_alpha_1btag_ALL_log.png Graphic file (t
ype png)
 <use images/fromDani/mZZ_sidebandsDATA_alpha_1btag_ALL_log.png>
Package pdftex.def Info: images/fromDani/mZZ_sidebandsDATA_alpha_1btag_ALL_log.
png used on input line 272.
(pdftex.def)             Requested size: 102.68962pt x 98.54951pt.

<images/fromDani/mZZ_sidebandsDATA_alpha_2btag_ALL_log.png, id=1019, 598.235pt 
x 574.145pt>
File: images/fromDani/mZZ_sidebandsDATA_alpha_2btag_ALL_log.png Graphic file (t
ype png)
 <use images/fromDani/mZZ_sidebandsDATA_alpha_2btag_ALL_log.png>
Package pdftex.def Info: images/fromDani/mZZ_sidebandsDATA_alpha_2btag_ALL_log.
png used on input line 272.
(pdftex.def)             Requested size: 102.68962pt x 98.54951pt.

[32

 <./images/fromDani/mZZ_sidebandsDATA_alpha_0btag_ALL_log.png> <./images/fromDa
ni/mZZ_sidebandsDATA_alpha_1btag_ALL_log.png> <./images/fromDani/mZZ_sidebandsD
ATA_alpha_2btag_ALL_log.png>])
\openout2 = `optimization.aux'.

 (./optimization.tex (./prelim.toc) [33



]
<images/plots/angles-HZZ2l2q.pdf, id=1079, 614.295pt x 471.7625pt>
File: images/plots/angles-HZZ2l2q.pdf Graphic file (type pdf)

<use images/plots/angles-HZZ2l2q.pdf>
Package pdftex.def Info: images/plots/angles-HZZ2l2q.pdf used on input line 11.

(pdftex.def)             Requested size: 205.37926pt x 157.72647pt.
 [34

 <./images/plots/angles-HZZ2l2q.pdf>]
<images/plots/cosTheta1Refit_ElRun2012.png, id=1108, 698.61pt x 473.77pt>
File: images/plots/cosTheta1Refit_ElRun2012.png Graphic file (type png)

<use images/plots/cosTheta1Refit_ElRun2012.png>
Package pdftex.def Info: images/plots/cosTheta1Refit_ElRun2012.png used on inpu
t line 24.
(pdftex.def)             Requested size: 112.95807pt x 76.59995pt.

<images/plots/cosTheta2Refit_ElRun2012.png, id=1109, 698.61pt x 473.77pt>
File: images/plots/cosTheta2Refit_ElRun2012.png Graphic file (type png)

<use images/plots/cosTheta2Refit_ElRun2012.png>
Package pdftex.def Info: images/plots/cosTheta2Refit_ElRun2012.png used on inpu
t line 24.
(pdftex.def)             Requested size: 112.95807pt x 76.59995pt.

<images/plots/cosTheta1StarRefit_ElRun2012.png, id=1110, 698.61pt x 473.77pt>
File: images/plots/cosTheta1StarRefit_ElRun2012.png Graphic file (type png)

<use images/plots/cosTheta1StarRefit_ElRun2012.png>
Package pdftex.def Info: images/plots/cosTheta1StarRefit_ElRun2012.png used on 
input line 24.
(pdftex.def)             Requested size: 112.95807pt x 76.59995pt.

<images/plots/phiStarRefit_ElRun2012.png, id=1111, 698.61pt x 473.77pt>
File: images/plots/phiStarRefit_ElRun2012.png Graphic file (type png)

<use images/plots/phiStarRefit_ElRun2012.png>
Package pdftex.def Info: images/plots/phiStarRefit_ElRun2012.png used on input 
line 24.
(pdftex.def)             Requested size: 112.95807pt x 76.59995pt.

<images/plots/phiRefit_ElRun2012.png, id=1112, 698.61pt x 473.77pt>
File: images/plots/phiRefit_ElRun2012.png Graphic file (type png)

<use images/plots/phiRefit_ElRun2012.png>
Package pdftex.def Info: images/plots/phiRefit_ElRun2012.png used on input line
 24.
(pdftex.def)             Requested size: 112.95807pt x 76.59995pt.
 [35

 <./images/plots/cosTheta1Refit_ElRun2012.png> <./images/plots/cosTheta2Refit_E
lRun2012.png> <./images/plots/cosTheta1StarRefit_ElRun2012.png> <./images/plots
/phiStarRefit_ElRun2012.png> <./images/plots/phiRefit_ElRun2012.png>]
<images/plots/cosTheta1Refit_MuRun2012.png, id=1139, 698.61pt x 473.77pt>
File: images/plots/cosTheta1Refit_MuRun2012.png Graphic file (type png)

<use images/plots/cosTheta1Refit_MuRun2012.png>
Package pdftex.def Info: images/plots/cosTheta1Refit_MuRun2012.png used on inpu
t line 37.
(pdftex.def)             Requested size: 112.95807pt x 76.59995pt.

<images/plots/cosTheta2Refit_MuRun2012.png, id=1140, 698.61pt x 473.77pt>
File: images/plots/cosTheta2Refit_MuRun2012.png Graphic file (type png)

<use images/plots/cosTheta2Refit_MuRun2012.png>
Package pdftex.def Info: images/plots/cosTheta2Refit_MuRun2012.png used on inpu
t line 37.
(pdftex.def)             Requested size: 112.95807pt x 76.59995pt.

<images/plots/cosTheta1StarRefit_MuRun2012.png, id=1141, 698.61pt x 473.77pt>
File: images/plots/cosTheta1StarRefit_MuRun2012.png Graphic file (type png)

<use images/plots/cosTheta1StarRefit_MuRun2012.png>
Package pdftex.def Info: images/plots/cosTheta1StarRefit_MuRun2012.png used on 
input line 37.
(pdftex.def)             Requested size: 112.95807pt x 76.59995pt.

<images/plots/phiStarRefit_MuRun2012.png, id=1142, 698.61pt x 473.77pt>
File: images/plots/phiStarRefit_MuRun2012.png Graphic file (type png)

<use images/plots/phiStarRefit_MuRun2012.png>
Package pdftex.def Info: images/plots/phiStarRefit_MuRun2012.png used on input 
line 37.
(pdftex.def)             Requested size: 112.95807pt x 76.59995pt.

<images/plots/phiRefit_MuRun2012.png, id=1143, 698.61pt x 473.77pt>
File: images/plots/phiRefit_MuRun2012.png Graphic file (type png)

<use images/plots/phiRefit_MuRun2012.png>
Package pdftex.def Info: images/plots/phiRefit_MuRun2012.png used on input line
 37.
(pdftex.def)             Requested size: 112.95807pt x 76.59995pt.
 [36

 <./images/plots/cosTheta1Refit_MuRun2012.png> <./images/plots/cosTheta2Refit_M
uRun2012.png> <./images/plots/cosTheta1StarRefit_MuRun2012.png> <./images/plots
/phiStarRefit_MuRun2012.png> <./images/plots/phiRefit_MuRun2012.png>]
<images/plots/sigPDF_CosTheta1proj_500.pdf, id=1171, 569.12625pt x 408.52625pt>
File: images/plots/sigPDF_CosTheta1proj_500.pdf Graphic file (type pdf)
<use images/plots/sigPDF_CosTheta1proj_500.pdf>
Package pdftex.def Info: images/plots/sigPDF_CosTheta1proj_500.pdf used on inpu
t line 54.
(pdftex.def)             Requested size: 112.95807pt x 81.08043pt.

<images/plots/sigPDF_CosTheta2proj_500.pdf, id=1172, 569.12625pt x 408.52625pt>
File: images/plots/sigPDF_CosTheta2proj_500.pdf Graphic file (type pdf)
<use images/plots/sigPDF_CosTheta2proj_500.pdf>
Package pdftex.def Info: images/plots/sigPDF_CosTheta2proj_500.pdf used on inpu
t line 54.
(pdftex.def)             Requested size: 112.95807pt x 81.08043pt.

<images/plots/sigPDF_CosThetaSproj_500.pdf, id=1173, 569.12625pt x 408.52625pt>
File: images/plots/sigPDF_CosThetaSproj_500.pdf Graphic file (type pdf)
<use images/plots/sigPDF_CosThetaSproj_500.pdf>
Package pdftex.def Info: images/plots/sigPDF_CosThetaSproj_500.pdf used on inpu
t line 54.
(pdftex.def)             Requested size: 112.95807pt x 81.08043pt.

<images/plots/sigPDF_Phiproj_500.pdf, id=1174, 569.12625pt x 408.52625pt>
File: images/plots/sigPDF_Phiproj_500.pdf Graphic file (type pdf)

<use images/plots/sigPDF_Phiproj_500.pdf>
Package pdftex.def Info: images/plots/sigPDF_Phiproj_500.pdf used on input line
 54.
(pdftex.def)             Requested size: 112.95807pt x 81.08043pt.

<images/plots/sigPDF_PhiStar1proj_500.pdf, id=1175, 569.12625pt x 408.52625pt>
File: images/plots/sigPDF_PhiStar1proj_500.pdf Graphic file (type pdf)

<use images/plots/sigPDF_PhiStar1proj_500.pdf>
Package pdftex.def Info: images/plots/sigPDF_PhiStar1proj_500.pdf used on input
 line 54.
(pdftex.def)             Requested size: 112.95807pt x 81.08043pt.
 [37

 <./images/plots/sigPDF_CosTheta1proj_500.pdf> <./images/plots/sigPDF_CosTheta2
proj_500.pdf> <./images/plots/sigPDF_CosThetaSproj_500.pdf> <./images/plots/sig
PDF_Phiproj_500.pdf> <./images/plots/sigPDF_PhiStar1proj_500.pdf>]
<images/plots/HelyLDRefit_ElRun2012.png, id=1232, 698.61pt x 473.77pt>
File: images/plots/HelyLDRefit_ElRun2012.png Graphic file (type png)

<use images/plots/HelyLDRefit_ElRun2012.png>
Package pdftex.def Info: images/plots/HelyLDRefit_ElRun2012.png used on input l
ine 80.
(pdftex.def)             Requested size: 171.14764pt x 116.06381pt.

<images/plots/HelyLDRefit_MuRun2012.png, id=1233, 698.61pt x 473.77pt>
File: images/plots/HelyLDRefit_MuRun2012.png Graphic file (type png)

<use images/plots/HelyLDRefit_MuRun2012.png>
Package pdftex.def Info: images/plots/HelyLDRefit_MuRun2012.png used on input l
ine 80.
(pdftex.def)             Requested size: 171.14764pt x 116.06381pt.
 [38

 <./images/plots/HelyLDRefit_ElRun2012.png> <./images/plots/HelyLDRefit_MuRun20
12.png>]
<images/plots/NN/nn_network_architecture.pdf, id=1260, 569.12625pt x 355.3275pt
>
File: images/plots/NN/nn_network_architecture.pdf Graphic file (type pdf)
 <use images/plots/NN/nn_network_architecture.pdf>
Package pdftex.def Info: images/plots/NN/nn_network_architecture.pdf used on in
put line 88.
(pdftex.def)             Requested size: 273.83728pt x 170.97273pt.
 [39

 <./images/plots/NN/nn_network_architecture.pdf>]
<images/plots/NN/MLP_TCHEM.pdf, id=1291, 569.12625pt x 420.57124pt>
File: images/plots/NN/MLP_TCHEM.pdf Graphic file (type pdf)

<use images/plots/NN/MLP_TCHEM.pdf>
Package pdftex.def Info: images/plots/NN/MLP_TCHEM.pdf used on input line 98.
(pdftex.def)             Requested size: 171.14764pt x 126.47395pt.

<images/plots/NN/Likelihood_TCHEM.pdf, id=1292, 569.12625pt x 420.57124pt>
File: images/plots/NN/Likelihood_TCHEM.pdf Graphic file (type pdf)

<use images/plots/NN/Likelihood_TCHEM.pdf>
Package pdftex.def Info: images/plots/NN/Likelihood_TCHEM.pdf used on input lin
e 98.
(pdftex.def)             Requested size: 171.14764pt x 126.47395pt.
 [40

 <./images/plots/NN/MLP_TCHEM.pdf> <./images/plots/NN/Likelihood_TCHEM.pdf>]
<images/plots/NN/pretag_ROC_wincut.pdf, id=1329, 252.945pt x 176.66pt>
File: images/plots/NN/pretag_ROC_wincut.pdf Graphic file (type pdf)

<use images/plots/NN/pretag_ROC_wincut.pdf>
Package pdftex.def Info: images/plots/NN/pretag_ROC_wincut.pdf used on input li
ne 106.
(pdftex.def)             Requested size: 239.60567pt x 167.34622pt.
 [41

 <./images/plots/NN/pretag_ROC_wincut.pdf>] [42

]
Package epstopdf Info: Source file: <images/mva_highmass/zero_MLP.eps>
(epstopdf)                    date: 2013-09-05 13:19:58
(epstopdf)                    size: 22220 bytes
(epstopdf)             Output file: <images/mva_highmass/zero_MLP-eps-converted
-to.pdf>
(epstopdf)                    date: 2013-09-05 13:19:58
(epstopdf)                    size: 10310 bytes
(epstopdf)             Command: <epstopdf --outfile=images/mva_highmass/zero_ML
P-eps-converted-to.pdf images/mva_highmass/zero_MLP.eps>
(epstopdf)             \includegraphics on input line 148.
Package epstopdf Info: Output file is already uptodate.

<images/mva_highmass/zero_MLP-eps-converted-to.pdf, id=1387, 569.12625pt x 385.
44pt>
File: images/mva_highmass/zero_MLP-eps-converted-to.pdf Graphic file (type pdf)

 <use images/mva_highmass/zero_MLP-eps-converted-to.pdf>
Package pdftex.def Info: images/mva_highmass/zero_MLP-eps-converted-to.pdf used
 on input line 148.
(pdftex.def)             Requested size: 112.95807pt x 76.49849pt.
Package epstopdf Info: Source file: <images/mva_highmass/one_MLP.eps>
(epstopdf)                    date: 2013-09-05 13:19:58
(epstopdf)                    size: 23157 bytes
(epstopdf)             Output file: <images/mva_highmass/one_MLP-eps-converted-
to.pdf>
(epstopdf)                    date: 2013-09-05 13:19:58
(epstopdf)                    size: 10284 bytes
(epstopdf)             Command: <epstopdf --outfile=images/mva_highmass/one_MLP
-eps-converted-to.pdf images/mva_highmass/one_MLP.eps>
(epstopdf)             \includegraphics on input line 148.
Package epstopdf Info: Output file is already uptodate.

<images/mva_highmass/one_MLP-eps-converted-to.pdf, id=1388, 569.12625pt x 385.4
4pt>
File: images/mva_highmass/one_MLP-eps-converted-to.pdf Graphic file (type pdf)
 <use images/mva_highmass/one_MLP-eps-converted-to.pdf>
Package pdftex.def Info: images/mva_highmass/one_MLP-eps-converted-to.pdf used 
on input line 148.
(pdftex.def)             Requested size: 112.95807pt x 76.49849pt.
Package epstopdf Info: Source file: <images/mva_highmass/two_MLP.eps>
(epstopdf)                    date: 2013-09-05 13:19:58
(epstopdf)                    size: 21780 bytes
(epstopdf)             Output file: <images/mva_highmass/two_MLP-eps-converted-
to.pdf>
(epstopdf)                    date: 2013-09-05 13:19:58
(epstopdf)                    size: 9985 bytes
(epstopdf)             Command: <epstopdf --outfile=images/mva_highmass/two_MLP
-eps-converted-to.pdf images/mva_highmass/two_MLP.eps>
(epstopdf)             \includegraphics on input line 148.
Package epstopdf Info: Output file is already uptodate.

<images/mva_highmass/two_MLP-eps-converted-to.pdf, id=1389, 569.12625pt x 385.4
4pt>
File: images/mva_highmass/two_MLP-eps-converted-to.pdf Graphic file (type pdf)
 <use images/mva_highmass/two_MLP-eps-converted-to.pdf>
Package pdftex.def Info: images/mva_highmass/two_MLP-eps-converted-to.pdf used 
on input line 148.
(pdftex.def)             Requested size: 112.95807pt x 76.49849pt.
Package epstopdf Info: Source file: <images/mva_highmass/zero_mu_MLP.eps>
(epstopdf)                    date: 2013-09-05 13:19:58
(epstopdf)                    size: 22328 bytes
(epstopdf)             Output file: <images/mva_highmass/zero_mu_MLP-eps-conver
ted-to.pdf>
(epstopdf)                    date: 2013-09-05 13:19:58
(epstopdf)                    size: 10337 bytes
(epstopdf)             Command: <epstopdf --outfile=images/mva_highmass/zero_mu
_MLP-eps-converted-to.pdf images/mva_highmass/zero_mu_MLP.eps>
(epstopdf)             \includegraphics on input line 148.
Package epstopdf Info: Output file is already uptodate.

<images/mva_highmass/zero_mu_MLP-eps-converted-to.pdf, id=1390, 569.12625pt x 3
85.44pt>
File: images/mva_highmass/zero_mu_MLP-eps-converted-to.pdf Graphic file (type p
df)
 <use images/mva_highmass/zero_mu_MLP-eps-converted-to.pdf>
Package pdftex.def Info: images/mva_highmass/zero_mu_MLP-eps-converted-to.pdf u
sed on input line 148.
(pdftex.def)             Requested size: 112.95807pt x 76.49849pt.
Package epstopdf Info: Source file: <images/mva_highmass/one_mu_MLP.eps>
(epstopdf)                    date: 2013-09-05 13:19:58
(epstopdf)                    size: 23141 bytes
(epstopdf)             Output file: <images/mva_highmass/one_mu_MLP-eps-convert
ed-to.pdf>
(epstopdf)                    date: 2013-09-05 13:19:58
(epstopdf)                    size: 10248 bytes
(epstopdf)             Command: <epstopdf --outfile=images/mva_highmass/one_mu_
MLP-eps-converted-to.pdf images/mva_highmass/one_mu_MLP.eps>
(epstopdf)             \includegraphics on input line 148.
Package epstopdf Info: Output file is already uptodate.

<images/mva_highmass/one_mu_MLP-eps-converted-to.pdf, id=1391, 569.12625pt x 38
5.44pt>
File: images/mva_highmass/one_mu_MLP-eps-converted-to.pdf Graphic file (type pd
f)
 <use images/mva_highmass/one_mu_MLP-eps-converted-to.pdf>
Package pdftex.def Info: images/mva_highmass/one_mu_MLP-eps-converted-to.pdf us
ed on input line 148.
(pdftex.def)             Requested size: 112.95807pt x 76.49849pt.
Package epstopdf Info: Source file: <images/mva_highmass/two_mu_MLP.eps>
(epstopdf)                    date: 2013-09-05 13:19:58
(epstopdf)                    size: 19782 bytes
(epstopdf)             Output file: <images/mva_highmass/two_mu_MLP-eps-convert
ed-to.pdf>
(epstopdf)                    date: 2013-09-05 13:19:58
(epstopdf)                    size: 9812 bytes
(epstopdf)             Command: <epstopdf --outfile=images/mva_highmass/two_mu_
MLP-eps-converted-to.pdf images/mva_highmass/two_mu_MLP.eps>
(epstopdf)             \includegraphics on input line 148.
Package epstopdf Info: Output file is already uptodate.

<images/mva_highmass/two_mu_MLP-eps-converted-to.pdf, id=1392, 569.12625pt x 38
5.44pt>
File: images/mva_highmass/two_mu_MLP-eps-converted-to.pdf Graphic file (type pd
f)
 <use images/mva_highmass/two_mu_MLP-eps-converted-to.pdf>
Package pdftex.def Info: images/mva_highmass/two_mu_MLP-eps-converted-to.pdf us
ed on input line 148.
(pdftex.def)             Requested size: 112.95807pt x 76.49849pt.
 [43

 <./images/mva_highmass/zero_MLP-eps-converted-to.pdf> <./images/mva_highmass/o
ne_MLP-eps-converted-to.pdf> <./images/mva_highmass/two_MLP-eps-converted-to.pd
f> <./images/mva_highmass/zero_mu_MLP-eps-converted-to.pdf> <./images/mva_highm
ass/one_mu_MLP-eps-converted-to.pdf> <./images/mva_highmass/two_mu_MLP-eps-conv
erted-to.pdf>])
\openout2 = `systematics.aux'.

 (./systematics.tex (./prelim.toc) [44



]
Package epstopdf Info: Source file: <images/SC_fit.eps>
(epstopdf)                    date: 2013-09-05 13:19:58
(epstopdf)                    size: 70786 bytes
(epstopdf)             Output file: <images/SC_fit-eps-converted-to.pdf>
(epstopdf)                    date: 2013-09-05 13:19:58
(epstopdf)                    size: 42468 bytes
(epstopdf)             Command: <epstopdf --outfile=images/SC_fit-eps-converted
-to.pdf images/SC_fit.eps>
(epstopdf)             \includegraphics on input line 17.
Package epstopdf Info: Output file is already uptodate.

<images/SC_fit-eps-converted-to.pdf, id=1482, 569.12625pt x 385.44pt>
File: images/SC_fit-eps-converted-to.pdf Graphic file (type pdf)

<use images/SC_fit-eps-converted-to.pdf>
Package pdftex.def Info: images/SC_fit-eps-converted-to.pdf used on input line 
17.
(pdftex.def)             Requested size: 167.72658pt x 113.59206pt.
 [45

 <./images/SC_fit-eps-converted-to.pdf>]
Package epstopdf Info: Source file: <images/ZJets_8.eps>
(epstopdf)                    date: 2013-09-05 13:19:58
(epstopdf)                    size: 13846 bytes
(epstopdf)             Output file: <images/ZJets_8-eps-converted-to.pdf>
(epstopdf)                    date: 2013-09-05 13:19:58
(epstopdf)                    size: 9512 bytes
(epstopdf)             Command: <epstopdf --outfile=images/ZJets_8-eps-converte
d-to.pdf images/ZJets_8.eps>
(epstopdf)             \includegraphics on input line 82.
Package epstopdf Info: Output file is already uptodate.
 <images/ZJets_8-eps-converted-to.pdf, id=1519, 569.12625pt x 385.44pt>
File: images/ZJets_8-eps-converted-to.pdf Graphic file (type pdf)

<use images/ZJets_8-eps-converted-to.pdf>
Package pdftex.def Info: images/ZJets_8-eps-converted-to.pdf used on input line
 82.
(pdftex.def)             Requested size: 101.66328pt x 68.84688pt.
Package epstopdf Info: Source file: <images/ZJets_17.eps>
(epstopdf)                    date: 2013-09-05 13:19:58
(epstopdf)                    size: 13844 bytes
(epstopdf)             Output file: <images/ZJets_17-eps-converted-to.pdf>
(epstopdf)                    date: 2013-09-05 13:19:58
(epstopdf)                    size: 9496 bytes
(epstopdf)             Command: <epstopdf --outfile=images/ZJets_17-eps-convert
ed-to.pdf images/ZJets_17.eps>
(epstopdf)             \includegraphics on input line 82.
Package epstopdf Info: Output file is already uptodate.

<images/ZJets_17-eps-converted-to.pdf, id=1520, 569.12625pt x 385.44pt>
File: images/ZJets_17-eps-converted-to.pdf Graphic file (type pdf)

<use images/ZJets_17-eps-converted-to.pdf>
Package pdftex.def Info: images/ZJets_17-eps-converted-to.pdf used on input lin
e 82.
(pdftex.def)             Requested size: 101.66328pt x 68.84688pt.
 [46

 <./images/ZJets_8-eps-converted-to.pdf> <./images/ZJets_17-eps-converted-to.pd
f>]
<images/plots/effFit_MU_0btag.png, id=1566, 842.14626pt x 746.79pt>
File: images/plots/effFit_MU_0btag.png Graphic file (type png)

<use images/plots/effFit_MU_0btag.png>
Package pdftex.def Info: images/plots/effFit_MU_0btag.png used on input line 12
2.
(pdftex.def)             Requested size: 102.68962pt x 91.0581pt.

<images/plots/effFit_MU_1btag.png, id=1567, 842.14626pt x 746.79pt>
File: images/plots/effFit_MU_1btag.png Graphic file (type png)

<use images/plots/effFit_MU_1btag.png>
Package pdftex.def Info: images/plots/effFit_MU_1btag.png used on input line 12
2.
(pdftex.def)             Requested size: 102.68962pt x 91.0581pt.

<images/plots/effFit_MU_2btag.png, id=1568, 842.14626pt x 746.79pt>
File: images/plots/effFit_MU_2btag.png Graphic file (type png)

<use images/plots/effFit_MU_2btag.png>
Package pdftex.def Info: images/plots/effFit_MU_2btag.png used on input line 12
2.
(pdftex.def)             Requested size: 102.68962pt x 91.0581pt.

<images/plots/effFit_ELE_0btag.png, id=1569, 842.14626pt x 746.79pt>
File: images/plots/effFit_ELE_0btag.png Graphic file (type png)

<use images/plots/effFit_ELE_0btag.png>
Package pdftex.def Info: images/plots/effFit_ELE_0btag.png used on input line 1
22.
(pdftex.def)             Requested size: 102.68962pt x 91.0581pt.

<images/plots/effFit_ELE_1btag.png, id=1570, 842.14626pt x 746.79pt>
File: images/plots/effFit_ELE_1btag.png Graphic file (type png)

<use images/plots/effFit_ELE_1btag.png>
Package pdftex.def Info: images/plots/effFit_ELE_1btag.png used on input line 1
22.
(pdftex.def)             Requested size: 102.68962pt x 91.0581pt.

<images/plots/effFit_ELE_2btag.png, id=1571, 842.14626pt x 746.79pt>
File: images/plots/effFit_ELE_2btag.png Graphic file (type png)

<use images/plots/effFit_ELE_2btag.png>
Package pdftex.def Info: images/plots/effFit_ELE_2btag.png used on input line 1
22.
(pdftex.def)             Requested size: 102.68962pt x 91.0581pt.

Overfull \vbox (4.41997pt too high) detected at line 122
 []

[47

 <./images/plots/effFit_MU_0btag.png> <./images/plots/effFit_MU_1btag.png> <./i
mages/plots/effFit_MU_2btag.png> <./images/plots/effFit_ELE_0btag.png> <./image
s/plots/effFit_ELE_1btag.png> <./images/plots/effFit_ELE_2btag.png>]
Overfull \hbox (10.0322pt too wide) in paragraph at lines 168--168
 [] 
 []

[48

]
<images/plots/ASCL_7TEV_unblided_new230_new_xsec.png, id=1625, 899.36pt x 875.2
7pt>
File: images/plots/ASCL_7TEV_unblided_new230_new_xsec.png Graphic file (type pn
g)
 <use images/plots/ASCL_7TEV_unblided_new230_new_xsec.png>
Package pdftex.def Info: images/plots/ASCL_7TEV_unblided_new230_new_xsec.png us
ed on input line 178.
(pdftex.def)             Requested size: 171.14764pt x 166.55678pt.
 [49

 <./images/plots/ASCL_7TEV_unblided_new230_new_xsec.png>]
<images/plots/ASCL_8TeV_unblinded_ExclusiveSamples_FittedAlpha.png, id=1652, 89
9.36pt x 875.27pt>
File: images/plots/ASCL_8TeV_unblinded_ExclusiveSamples_FittedAlpha.png Graphic
 file (type png)

<use images/plots/ASCL_8TeV_unblinded_ExclusiveSamples_FittedAlpha.png>
Package pdftex.def Info: images/plots/ASCL_8TeV_unblinded_ExclusiveSamples_Fitt
edAlpha.png used on input line 188.
(pdftex.def)             Requested size: 171.14764pt x 166.55678pt.

[50

 <./images/plots/ASCL_8TeV_unblinded_ExclusiveSamples_FittedAlpha.png>])
\openout2 = `conclusion.aux'.


(./conclusion.tex (./prelim.toc) [51



] [52

])
\openout2 = `backupslides.aux'.

 (./backupslides.tex [53



] [54

]
Package epstopdf Info: Source file: <images/beta_MuRun2012.eps>
(epstopdf)                    date: 2013-09-05 13:19:58
(epstopdf)                    size: 19273 bytes
(epstopdf)             Output file: <images/beta_MuRun2012-eps-converted-to.pdf
>
(epstopdf)                    date: 2013-09-05 13:19:58
(epstopdf)                    size: 11837 bytes
(epstopdf)             Command: <epstopdf --outfile=images/beta_MuRun2012-eps-c
onverted-to.pdf images/beta_MuRun2012.eps>
(epstopdf)             \includegraphics on input line 32.
Package epstopdf Info: Output file is already uptodate.

<images/beta_MuRun2012-eps-converted-to.pdf, id=1790, 569.12625pt x 385.44pt>
File: images/beta_MuRun2012-eps-converted-to.pdf Graphic file (type pdf)

<use images/beta_MuRun2012-eps-converted-to.pdf>
Package pdftex.def Info: images/beta_MuRun2012-eps-converted-to.pdf used on inp
ut line 32.
(pdftex.def)             Requested size: 201.95297pt x 136.7704pt.
 [55

 <./images/beta_MuRun2012-eps-converted-to.pdf>]
Overfull \vbox (25.72987pt too high) detected at line 61
 []

[56

] [57

])
\tf@nav=\write6
\openout6 = `prelim.nav'.

\tf@toc=\write7
\openout7 = `prelim.toc'.

\tf@snm=\write8
\openout8 = `prelim.snm'.

Package atveryend Info: Empty hook `BeforeClearDocument' on input line 214.
Package atveryend Info: Empty hook `AfterLastShipout' on input line 214.
 (./prelim.aux (./standard_model.aux) (./experiment.aux)
(./event_selection.aux) (./optimization.aux) (./systematics.aux)
(./conclusion.aux) (./backupslides.aux))
Package atveryend Info: Executing hook `AtVeryEndDocument' on input line 214.
Package atveryend Info: Executing hook `AtEndAfterFileList' on input line 214.


Package rerunfilecheck Warning: File `prelim.out' has changed.
(rerunfilecheck)                Rerun to get outlines right
(rerunfilecheck)                or use package `bookmark'.

Package rerunfilecheck Info: Checksums for `prelim.out':
(rerunfilecheck)             Before: BD10542B660D66E5F2F9CB30CEA88AE0;299
(rerunfilecheck)             After:  16B65B02DC3A23C2A2EC3FF17CBCEA65;317.
Package atveryend Info: Empty hook `AtVeryVeryEnd' on input line 214.
 ) 
Here is how much of TeX's memory you used:
 16886 strings out of 495059
 317483 string characters out of 3182030
 390095 words of memory out of 3000000
 19368 multiletter control sequences out of 15000+200000
 71615 words of font info for 95 fonts, out of 3000000 for 9000
 14 hyphenation exceptions out of 8191
 49i,18n,68p,452b,855s stack positions out of 5000i,500n,10000p,200000b,50000s
{/usr/share/texlive/texmf-dist/fonts/enc/dvips/base/8r.enc}</usr/share/texliv
e/texmf-dist/fonts/type1/public/amsfonts/cm/cmex10.pfb></usr/share/texlive/texm
f-dist/fonts/type1/public/amsfonts/cm/cmmi10.pfb></usr/share/texlive/texmf-dist
/fonts/type1/public/amsfonts/cm/cmmi6.pfb></usr/share/texlive/texmf-dist/fonts/
type1/public/amsfonts/cm/cmmi9.pfb></usr/share/texlive/texmf-dist/fonts/type1/p
ublic/amsfonts/cm/cmss10.pfb></usr/share/texlive/texmf-dist/fonts/type1/public/
amsfonts/cm/cmss12.pfb></usr/share/texlive/texmf-dist/fonts/type1/public/amsfon
ts/cm/cmss8.pfb></usr/share/texlive/texmf-dist/fonts/type1/public/amsfonts/cm/c
msy10.pfb></usr/share/texlive/texmf-dist/fonts/type1/public/amsfonts/cm/cmsy6.p
fb></usr/share/texlive/texmf-dist/fonts/type1/public/amsfonts/cm/cmsy8.pfb></us
r/share/texlive/texmf-dist/fonts/type1/public/amsfonts/cm/cmsy9.pfb></usr/share
/texlive/texmf-dist/fonts/type1/urw/helvetic/uhvb8a.pfb></usr/share/texlive/tex
mf-dist/fonts/type1/urw/helvetic/uhvr8a.pfb></usr/share/texlive/texmf-dist/font
s/type1/urw/helvetic/uhvro8a.pfb>
Output written on prelim.pdf (57 pages, 2479548 bytes).
PDF statistics:
 1957 PDF objects out of 2073 (max. 8388607)
 1738 compressed objects within 18 object streams
 122 named destinations out of 1000 (max. 500000)
 503 words of extra memory for PDF output out of 10000 (max. 10000000)

