mktextfm phvr8t
mktextfm phvr8t
mktextfm phvr8t
mktextfm phvr8t
mktextfm phvr8t
mktextfm phvro8t
mktextfm nullfont
mktextfm phvro8t
mktextfm nullfont
mktextfm phvro8t
mktextfm nullfont
mktextfm phvr8t
mktextfm phvr8t
mktextfm phvr8t
mktextfm phvr8t
mktextfm phvr8t
mktextfm 8
mktextfm 6
mktextfm at10
mktextfm 8
mktextfm 6
mktextfm at10
mktextfm 8
mktextfm 6
mktextfm at10
mktextfm at8
mktextfm at6
mktextfm at10
mktextfm at8
mktextfm at6
mktextfm at10
mktextfm at8
mktextfm at6
mktextfm phvr8t
mktextfm phvr8t
mktextfm phvr8t
mktextfm phvr8t
mktextfm phvr8t
mktextfm phvr8t
mktextfm phvr8t
mktextfm phvr8t
mktextfm phvr8t
mktextfm phvr8t
mktextfm phvr8t
mktextfm phvro8t
mktextfm nullfont
mktextfm phvro8t
mktextfm nullfont
mktextfm phvr8t
